<?xml version="1.0" encoding="UTF-8"?>
<TestRun id="32f1376b-2c62-4520-aa42-3ba15e33cdc5" name="Steven@STEVEN-PC 2012-03-27 22:33:59" runUser="Steven-PC\Steven" xmlns="http://microsoft.com/schemas/VisualStudio/TeamTest/2010">
  <TestSettings name="Local" id="9a3cc359-a60d-41bb-8c84-7024cd7e5428">
    <Description>These are default test settings for a local test run.</Description>
    <Deployment enabled="false" runDeploymentRoot="Steven_STEVEN-PC 2012-03-27 22_33_59">
      <DeploymentItem filename="C:\Users\Steven\Documents\Visual Studio 2010\Projects\LinqToLcbo\LinqToLcbo\bin\Debug\LinqToLcbo.dll" />
    </Deployment>
    <Execution>
      <TestTypeSpecific />
      <AgentRule name="Execution Agents">
      </AgentRule>
    </Execution>
  </TestSettings>
  <Times creation="2012-03-27T22:33:59.2368488-04:00" queuing="2012-03-27T22:33:59.8532503-04:00" start="2012-03-27T22:33:59.9780505-04:00" finish="2012-03-27T22:34:07.4192636-04:00" />
  <ResultSummary outcome="Error">
    <Counters total="23" executed="4" passed="3" error="0" failed="0" timeout="0" aborted="1" inconclusive="0" passedButRunAborted="0" notRunnable="0" notExecuted="19" disconnected="0" warning="0" completed="0" inProgress="0" pending="0" />
    <RunInfos>
      <RunInfo computerName="STEVEN-PC" outcome="Error" timestamp="2012-03-27T22:34:07.4036636-04:00">
        <Text>Test host process exited unexpectedly.</Text>
      </RunInfo>
    </RunInfos>
  </ResultSummary>
  <TestDefinitions>
    <UnitTest name="Test_where_and" storage="c:\users\steven\documents\visual studio 2010\projects\linqtolcbo\linqtolcbotests\bin\debug\linqtolcbotests.dll" id="60b0cf60-fe03-004c-4bfa-4785b16f1dce">
      <Execution id="dac024c8-5f22-44cb-8309-5e67c50b75b8" />
      <TestMethod codeBase="C:/Users/Steven/Documents/Visual Studio 2010/Projects/LinqToLcbo/LinqToLcboTests/bin/Debug/LinqToLcboTests.DLL" adapterTypeName="Microsoft.VisualStudio.TestTools.TestTypes.Unit.UnitTestAdapter, Microsoft.VisualStudio.QualityTools.Tips.UnitTest.Adapter, Version=10.0.0.0, Culture=neutral, PublicKeyToken=b03f5f7f11d50a3a" className="LinqToLcboTests.ProductTest, LinqToLcboTests, Version=1.0.0.0, Culture=neutral, PublicKeyToken=null" name="Test_where_and" />
    </UnitTest>
    <UnitTest name="Test_multi_clause_where_and_where_not" storage="c:\users\steven\documents\visual studio 2010\projects\linqtolcbo\linqtolcbotests\bin\debug\linqtolcbotests.dll" id="b57e08db-af27-e035-f405-a5594770d231">
      <Execution id="7a5cb10a-eb78-446e-bb6d-aab8be23ad67" />
      <TestMethod codeBase="C:/Users/Steven/Documents/Visual Studio 2010/Projects/LinqToLcbo/LinqToLcboTests/bin/Debug/LinqToLcboTests.DLL" adapterTypeName="Microsoft.VisualStudio.TestTools.TestTypes.Unit.UnitTestAdapter, Microsoft.VisualStudio.QualityTools.Tips.UnitTest.Adapter, Version=10.0.0.0, Culture=neutral, PublicKeyToken=b03f5f7f11d50a3a" className="LinqToLcboTests.ProductTest, LinqToLcboTests, Version=1.0.0.0, Culture=neutral, PublicKeyToken=null" name="Test_multi_clause_where_and_where_not" />
    </UnitTest>
    <UnitTest name="Test_toList" storage="c:\users\steven\documents\visual studio 2010\projects\linqtolcbo\linqtolcbotests\bin\debug\linqtolcbotests.dll" id="6ba02aa5-1bfb-ebcb-b41c-615999aa8334">
      <Execution id="6f64bcad-1e6b-40ab-9e23-0a831ead8c51" />
      <TestMethod codeBase="C:/Users/Steven/Documents/Visual Studio 2010/Projects/LinqToLcbo/LinqToLcboTests/bin/Debug/LinqToLcboTests.DLL" adapterTypeName="Microsoft.VisualStudio.TestTools.TestTypes.Unit.UnitTestAdapter, Microsoft.VisualStudio.QualityTools.Tips.UnitTest.Adapter, Version=10.0.0.0, Culture=neutral, PublicKeyToken=b03f5f7f11d50a3a" className="LinqToLcboTests.ProductTest, LinqToLcboTests, Version=1.0.0.0, Culture=neutral, PublicKeyToken=null" name="Test_toList" />
    </UnitTest>
    <UnitTest name="Test_where_and_orderby" storage="c:\users\steven\documents\visual studio 2010\projects\linqtolcbo\linqtolcbotests\bin\debug\linqtolcbotests.dll" id="4789e52f-0940-a3c8-fe6a-e13b73623977">
      <Execution id="2441c464-ee11-4d43-b822-26338f61a8f1" />
      <TestMethod codeBase="C:/Users/Steven/Documents/Visual Studio 2010/Projects/LinqToLcbo/LinqToLcboTests/bin/Debug/LinqToLcboTests.DLL" adapterTypeName="Microsoft.VisualStudio.TestTools.TestTypes.Unit.UnitTestAdapter, Microsoft.VisualStudio.QualityTools.Tips.UnitTest.Adapter, Version=10.0.0.0, Culture=neutral, PublicKeyToken=b03f5f7f11d50a3a" className="LinqToLcboTests.ProductTest, LinqToLcboTests, Version=1.0.0.0, Culture=neutral, PublicKeyToken=null" name="Test_where_and_orderby" />
    </UnitTest>
    <UnitTest name="Test_bool_where" storage="c:\users\steven\documents\visual studio 2010\projects\linqtolcbo\linqtolcbotests\bin\debug\linqtolcbotests.dll" id="4a258fa4-e5be-4f7a-e3e4-e1dc90744510">
      <Execution id="d6bd63d2-92a2-4f98-a8a8-aa48376a7907" />
      <TestMethod codeBase="C:/Users/Steven/Documents/Visual Studio 2010/Projects/LinqToLcbo/LinqToLcboTests/bin/Debug/LinqToLcboTests.DLL" adapterTypeName="Microsoft.VisualStudio.TestTools.TestTypes.Unit.UnitTestAdapter, Microsoft.VisualStudio.QualityTools.Tips.UnitTest.Adapter, Version=10.0.0.0, Culture=neutral, PublicKeyToken=b03f5f7f11d50a3a" className="LinqToLcboTests.ProductTest, LinqToLcboTests, Version=1.0.0.0, Culture=neutral, PublicKeyToken=null" name="Test_bool_where" />
    </UnitTest>
    <UnitTest name="Test_stores_geo" storage="c:\users\steven\documents\visual studio 2010\projects\linqtolcbo\linqtolcbotests\bin\debug\linqtolcbotests.dll" id="b4e8e3a3-b297-7283-08b2-965d1e44cae4">
      <Execution id="77628e58-1100-4239-bacb-cd6422c6b6f8" />
      <TestMethod codeBase="C:/Users/Steven/Documents/Visual Studio 2010/Projects/LinqToLcbo/LinqToLcboTests/bin/Debug/LinqToLcboTests.DLL" adapterTypeName="Microsoft.VisualStudio.TestTools.TestTypes.Unit.UnitTestAdapter, Microsoft.VisualStudio.QualityTools.Tips.UnitTest.Adapter, Version=10.0.0.0, Culture=neutral, PublicKeyToken=b03f5f7f11d50a3a" className="LinqToLcboTests.StoreTest, LinqToLcboTests, Version=1.0.0.0, Culture=neutral, PublicKeyToken=null" name="Test_stores_geo" />
    </UnitTest>
    <UnitTest name="Test_multi_clause_orderby" storage="c:\users\steven\documents\visual studio 2010\projects\linqtolcbo\linqtolcbotests\bin\debug\linqtolcbotests.dll" id="c951cc96-fab2-20b5-116b-f8b36cf91c10">
      <Execution id="b11b0b3c-126e-4a1b-874d-b9c893764e97" />
      <TestMethod codeBase="C:/Users/Steven/Documents/Visual Studio 2010/Projects/LinqToLcbo/LinqToLcboTests/bin/Debug/LinqToLcboTests.DLL" adapterTypeName="Microsoft.VisualStudio.TestTools.TestTypes.Unit.UnitTestAdapter, Microsoft.VisualStudio.QualityTools.Tips.UnitTest.Adapter, Version=10.0.0.0, Culture=neutral, PublicKeyToken=b03f5f7f11d50a3a" className="LinqToLcboTests.ProductTest, LinqToLcboTests, Version=1.0.0.0, Culture=neutral, PublicKeyToken=null" name="Test_multi_clause_orderby" />
    </UnitTest>
    <UnitTest name="Test_products_in_store_by_id" storage="c:\users\steven\documents\visual studio 2010\projects\linqtolcbo\linqtolcbotests\bin\debug\linqtolcbotests.dll" id="c9354350-cbda-a1f1-e280-b767455dde09">
      <Execution id="27edeed7-3926-439f-b63d-8f1b15f30c40" />
      <TestMethod codeBase="C:/Users/Steven/Documents/Visual Studio 2010/Projects/LinqToLcbo/LinqToLcboTests/bin/Debug/LinqToLcboTests.DLL" adapterTypeName="Microsoft.VisualStudio.TestTools.TestTypes.Unit.UnitTestAdapter, Microsoft.VisualStudio.QualityTools.Tips.UnitTest.Adapter, Version=10.0.0.0, Culture=neutral, PublicKeyToken=b03f5f7f11d50a3a" className="LinqToLcboTests.ProductTest, LinqToLcboTests, Version=1.0.0.0, Culture=neutral, PublicKeyToken=null" name="Test_products_in_store_by_id" />
    </UnitTest>
    <UnitTest name="Test_skip" storage="c:\users\steven\documents\visual studio 2010\projects\linqtolcbo\linqtolcbotests\bin\debug\linqtolcbotests.dll" id="698a4013-3243-f2c9-ad1a-f5a3b3e0436d">
      <Execution id="bafa5cf4-05e1-4a1d-b4e0-5c6367b5f9a2" />
      <TestMethod codeBase="C:/Users/Steven/Documents/Visual Studio 2010/Projects/LinqToLcbo/LinqToLcboTests/bin/Debug/LinqToLcboTests.DLL" adapterTypeName="Microsoft.VisualStudio.TestTools.TestTypes.Unit.UnitTestAdapter, Microsoft.VisualStudio.QualityTools.Tips.UnitTest.Adapter, Version=10.0.0.0, Culture=neutral, PublicKeyToken=b03f5f7f11d50a3a" className="LinqToLcboTests.ProductTest, LinqToLcboTests, Version=1.0.0.0, Culture=neutral, PublicKeyToken=null" name="Test_skip" />
    </UnitTest>
    <UnitTest name="Test_enumerator" storage="c:\users\steven\documents\visual studio 2010\projects\linqtolcbo\linqtolcbotests\bin\debug\linqtolcbotests.dll" id="8bab2567-7cbc-0ab9-1b8e-7f96790444c6">
      <Execution id="c02877b4-e015-4dc4-92a0-dea58ef4e30d" />
      <TestMethod codeBase="C:/Users/Steven/Documents/Visual Studio 2010/Projects/LinqToLcbo/LinqToLcboTests/bin/Debug/LinqToLcboTests.DLL" adapterTypeName="Microsoft.VisualStudio.TestTools.TestTypes.Unit.UnitTestAdapter, Microsoft.VisualStudio.QualityTools.Tips.UnitTest.Adapter, Version=10.0.0.0, Culture=neutral, PublicKeyToken=b03f5f7f11d50a3a" className="LinqToLcboTests.ProductTest, LinqToLcboTests, Version=1.0.0.0, Culture=neutral, PublicKeyToken=null" name="Test_enumerator" />
    </UnitTest>
    <UnitTest name="Test_products_in_store_with_where" storage="c:\users\steven\documents\visual studio 2010\projects\linqtolcbo\linqtolcbotests\bin\debug\linqtolcbotests.dll" id="81800161-52ee-707e-8522-02ae1672866e">
      <Execution id="8b12594b-be01-4c4a-a6ec-17f432c7f966" />
      <TestMethod codeBase="C:/Users/Steven/Documents/Visual Studio 2010/Projects/LinqToLcbo/LinqToLcboTests/bin/Debug/LinqToLcboTests.DLL" adapterTypeName="Microsoft.VisualStudio.TestTools.TestTypes.Unit.UnitTestAdapter, Microsoft.VisualStudio.QualityTools.Tips.UnitTest.Adapter, Version=10.0.0.0, Culture=neutral, PublicKeyToken=b03f5f7f11d50a3a" className="LinqToLcboTests.ProductTest, LinqToLcboTests, Version=1.0.0.0, Culture=neutral, PublicKeyToken=null" name="Test_products_in_store_with_where" />
    </UnitTest>
    <UnitTest name="Test_orderby" storage="c:\users\steven\documents\visual studio 2010\projects\linqtolcbo\linqtolcbotests\bin\debug\linqtolcbotests.dll" id="0d67a389-f27a-5927-df7c-deaa56a2ac23">
      <Execution id="40003495-f856-43a1-9708-198a6c6170d1" />
      <TestMethod codeBase="C:/Users/Steven/Documents/Visual Studio 2010/Projects/LinqToLcbo/LinqToLcboTests/bin/Debug/LinqToLcboTests.DLL" adapterTypeName="Microsoft.VisualStudio.TestTools.TestTypes.Unit.UnitTestAdapter, Microsoft.VisualStudio.QualityTools.Tips.UnitTest.Adapter, Version=10.0.0.0, Culture=neutral, PublicKeyToken=b03f5f7f11d50a3a" className="LinqToLcboTests.ProductTest, LinqToLcboTests, Version=1.0.0.0, Culture=neutral, PublicKeyToken=null" name="Test_orderby" />
    </UnitTest>
    <UnitTest name="Test_where" storage="c:\users\steven\documents\visual studio 2010\projects\linqtolcbo\linqtolcbotests\bin\debug\linqtolcbotests.dll" id="48be9065-54cb-9463-4db0-a28fb13c3f13">
      <Execution id="74501d64-a1d1-4929-b8c2-837c09ee7df9" />
      <TestMethod codeBase="C:/Users/Steven/Documents/Visual Studio 2010/Projects/LinqToLcbo/LinqToLcboTests/bin/Debug/LinqToLcboTests.DLL" adapterTypeName="Microsoft.VisualStudio.TestTools.TestTypes.Unit.UnitTestAdapter, Microsoft.VisualStudio.QualityTools.Tips.UnitTest.Adapter, Version=10.0.0.0, Culture=neutral, PublicKeyToken=b03f5f7f11d50a3a" className="LinqToLcboTests.ProductTest, LinqToLcboTests, Version=1.0.0.0, Culture=neutral, PublicKeyToken=null" name="Test_where" />
    </UnitTest>
    <UnitTest name="Test_stores_with_multi_where" storage="c:\users\steven\documents\visual studio 2010\projects\linqtolcbo\linqtolcbotests\bin\debug\linqtolcbotests.dll" id="bb439f9f-fec1-c8e6-de29-38825c210bee">
      <Execution id="1dd5da75-ac54-42c9-9a24-aa0f0b878fe4" />
      <TestMethod codeBase="C:/Users/Steven/Documents/Visual Studio 2010/Projects/LinqToLcbo/LinqToLcboTests/bin/Debug/LinqToLcboTests.DLL" adapterTypeName="Microsoft.VisualStudio.TestTools.TestTypes.Unit.UnitTestAdapter, Microsoft.VisualStudio.QualityTools.Tips.UnitTest.Adapter, Version=10.0.0.0, Culture=neutral, PublicKeyToken=b03f5f7f11d50a3a" className="LinqToLcboTests.StoreTest, LinqToLcboTests, Version=1.0.0.0, Culture=neutral, PublicKeyToken=null" name="Test_stores_with_multi_where" />
    </UnitTest>
    <UnitTest name="Test_stores_searchQuery" storage="c:\users\steven\documents\visual studio 2010\projects\linqtolcbo\linqtolcbotests\bin\debug\linqtolcbotests.dll" id="e173aa33-7fbd-6163-2a04-a59c87c51838">
      <Execution id="01a79ab7-6ffd-4708-bb64-7a33f547c86a" />
      <TestMethod codeBase="C:/Users/Steven/Documents/Visual Studio 2010/Projects/LinqToLcbo/LinqToLcboTests/bin/Debug/LinqToLcboTests.DLL" adapterTypeName="Microsoft.VisualStudio.TestTools.TestTypes.Unit.UnitTestAdapter, Microsoft.VisualStudio.QualityTools.Tips.UnitTest.Adapter, Version=10.0.0.0, Culture=neutral, PublicKeyToken=b03f5f7f11d50a3a" className="LinqToLcboTests.StoreTest, LinqToLcboTests, Version=1.0.0.0, Culture=neutral, PublicKeyToken=null" name="Test_stores_searchQuery" />
    </UnitTest>
    <UnitTest name="Test_take_and_skip" storage="c:\users\steven\documents\visual studio 2010\projects\linqtolcbo\linqtolcbotests\bin\debug\linqtolcbotests.dll" id="b3d263e1-3345-99ad-b04d-44df64ff509a">
      <Execution id="14e887a9-8439-46d1-a930-eec225902af2" />
      <TestMethod codeBase="C:/Users/Steven/Documents/Visual Studio 2010/Projects/LinqToLcbo/LinqToLcboTests/bin/Debug/LinqToLcboTests.DLL" adapterTypeName="Microsoft.VisualStudio.TestTools.TestTypes.Unit.UnitTestAdapter, Microsoft.VisualStudio.QualityTools.Tips.UnitTest.Adapter, Version=10.0.0.0, Culture=neutral, PublicKeyToken=b03f5f7f11d50a3a" className="LinqToLcboTests.ProductTest, LinqToLcboTests, Version=1.0.0.0, Culture=neutral, PublicKeyToken=null" name="Test_take_and_skip" />
    </UnitTest>
    <UnitTest name="Test_products_in_store_lazy_loaded" storage="c:\users\steven\documents\visual studio 2010\projects\linqtolcbo\linqtolcbotests\bin\debug\linqtolcbotests.dll" id="e2f6ed2b-f024-54cb-80b7-ad507738c243">
      <Execution id="06dfa0d2-585d-4a97-9fd8-275bef127375" />
      <TestMethod codeBase="C:/Users/Steven/Documents/Visual Studio 2010/Projects/LinqToLcbo/LinqToLcboTests/bin/Debug/LinqToLcboTests.DLL" adapterTypeName="Microsoft.VisualStudio.TestTools.TestTypes.Unit.UnitTestAdapter, Microsoft.VisualStudio.QualityTools.Tips.UnitTest.Adapter, Version=10.0.0.0, Culture=neutral, PublicKeyToken=b03f5f7f11d50a3a" className="LinqToLcboTests.ProductTest, LinqToLcboTests, Version=1.0.0.0, Culture=neutral, PublicKeyToken=null" name="Test_products_in_store_lazy_loaded" />
    </UnitTest>
    <UnitTest name="Test_single" storage="c:\users\steven\documents\visual studio 2010\projects\linqtolcbo\linqtolcbotests\bin\debug\linqtolcbotests.dll" id="ec9a58f6-675c-e225-4fe5-716d9377a0a3">
      <Execution id="c1dfba92-ffd5-4349-9bfe-3ab1dff576c5" />
      <TestMethod codeBase="C:/Users/Steven/Documents/Visual Studio 2010/Projects/LinqToLcbo/LinqToLcboTests/bin/Debug/LinqToLcboTests.DLL" adapterTypeName="Microsoft.VisualStudio.TestTools.TestTypes.Unit.UnitTestAdapter, Microsoft.VisualStudio.QualityTools.Tips.UnitTest.Adapter, Version=10.0.0.0, Culture=neutral, PublicKeyToken=b03f5f7f11d50a3a" className="LinqToLcboTests.ProductTest, LinqToLcboTests, Version=1.0.0.0, Culture=neutral, PublicKeyToken=null" name="Test_single" />
    </UnitTest>
    <UnitTest name="Test_multi_clause_where" storage="c:\users\steven\documents\visual studio 2010\projects\linqtolcbo\linqtolcbotests\bin\debug\linqtolcbotests.dll" id="a7b1c2c3-270d-28e1-4f96-d6cdab3fb0cb">
      <Execution id="f6af38c2-0db1-4ffb-a6b9-b31d1432cc22" />
      <TestMethod codeBase="C:/Users/Steven/Documents/Visual Studio 2010/Projects/LinqToLcbo/LinqToLcboTests/bin/Debug/LinqToLcboTests.DLL" adapterTypeName="Microsoft.VisualStudio.TestTools.TestTypes.Unit.UnitTestAdapter, Microsoft.VisualStudio.QualityTools.Tips.UnitTest.Adapter, Version=10.0.0.0, Culture=neutral, PublicKeyToken=b03f5f7f11d50a3a" className="LinqToLcboTests.ProductTest, LinqToLcboTests, Version=1.0.0.0, Culture=neutral, PublicKeyToken=null" name="Test_multi_clause_where" />
    </UnitTest>
    <UnitTest name="Test_take" storage="c:\users\steven\documents\visual studio 2010\projects\linqtolcbo\linqtolcbotests\bin\debug\linqtolcbotests.dll" id="71326b83-217a-3999-c98f-d98f8093dd74">
      <Execution id="dd481c5a-a296-4ecc-8300-8e722d0929b6" />
      <TestMethod codeBase="C:/Users/Steven/Documents/Visual Studio 2010/Projects/LinqToLcbo/LinqToLcboTests/bin/Debug/LinqToLcboTests.DLL" adapterTypeName="Microsoft.VisualStudio.TestTools.TestTypes.Unit.UnitTestAdapter, Microsoft.VisualStudio.QualityTools.Tips.UnitTest.Adapter, Version=10.0.0.0, Culture=neutral, PublicKeyToken=b03f5f7f11d50a3a" className="LinqToLcboTests.ProductTest, LinqToLcboTests, Version=1.0.0.0, Culture=neutral, PublicKeyToken=null" name="Test_take" />
    </UnitTest>
    <UnitTest name="Test_stores_with_product" storage="c:\users\steven\documents\visual studio 2010\projects\linqtolcbo\linqtolcbotests\bin\debug\linqtolcbotests.dll" id="fdf8930d-32cc-6043-e5e7-a8a1cf1cdf45">
      <Execution id="55e27c09-d036-4023-8be5-6ad3b277882e" />
      <TestMethod codeBase="C:/Users/Steven/Documents/Visual Studio 2010/Projects/LinqToLcbo/LinqToLcboTests/bin/Debug/LinqToLcboTests.DLL" adapterTypeName="Microsoft.VisualStudio.TestTools.TestTypes.Unit.UnitTestAdapter, Microsoft.VisualStudio.QualityTools.Tips.UnitTest.Adapter, Version=10.0.0.0, Culture=neutral, PublicKeyToken=b03f5f7f11d50a3a" className="LinqToLcboTests.StoreTest, LinqToLcboTests, Version=1.0.0.0, Culture=neutral, PublicKeyToken=null" name="Test_stores_with_product" />
    </UnitTest>
    <UnitTest name="Test_where_not" storage="c:\users\steven\documents\visual studio 2010\projects\linqtolcbo\linqtolcbotests\bin\debug\linqtolcbotests.dll" id="307ba5ae-4047-4671-a0ae-59b923691649">
      <Execution id="624d4761-c209-4916-a315-a1f2ba97c18b" />
      <TestMethod codeBase="C:/Users/Steven/Documents/Visual Studio 2010/Projects/LinqToLcbo/LinqToLcboTests/bin/Debug/LinqToLcboTests.DLL" adapterTypeName="Microsoft.VisualStudio.TestTools.TestTypes.Unit.UnitTestAdapter, Microsoft.VisualStudio.QualityTools.Tips.UnitTest.Adapter, Version=10.0.0.0, Culture=neutral, PublicKeyToken=b03f5f7f11d50a3a" className="LinqToLcboTests.ProductTest, LinqToLcboTests, Version=1.0.0.0, Culture=neutral, PublicKeyToken=null" name="Test_where_not" />
    </UnitTest>
    <UnitTest name="Test_stores_signle" storage="c:\users\steven\documents\visual studio 2010\projects\linqtolcbo\linqtolcbotests\bin\debug\linqtolcbotests.dll" id="b366df67-fbbf-42de-4bd5-7bf833b872da">
      <Execution id="2b27f7e8-855e-41a9-b77b-f3163d74d802" />
      <TestMethod codeBase="C:/Users/Steven/Documents/Visual Studio 2010/Projects/LinqToLcbo/LinqToLcboTests/bin/Debug/LinqToLcboTests.DLL" adapterTypeName="Microsoft.VisualStudio.TestTools.TestTypes.Unit.UnitTestAdapter, Microsoft.VisualStudio.QualityTools.Tips.UnitTest.Adapter, Version=10.0.0.0, Culture=neutral, PublicKeyToken=b03f5f7f11d50a3a" className="LinqToLcboTests.StoreTest, LinqToLcboTests, Version=1.0.0.0, Culture=neutral, PublicKeyToken=null" name="Test_stores_signle" />
    </UnitTest>
  </TestDefinitions>
  <TestLists>
    <TestList name="Results Not in a List" id="8c84fa94-04c1-424b-9868-57a2d4851a1d" />
    <TestList name="All Loaded Results" id="19431567-8539-422a-85d7-44ee4e166bda" />
  </TestLists>
  <TestEntries>
    <TestEntry testId="e173aa33-7fbd-6163-2a04-a59c87c51838" executionId="01a79ab7-6ffd-4708-bb64-7a33f547c86a" testListId="8c84fa94-04c1-424b-9868-57a2d4851a1d" />
    <TestEntry testId="b4e8e3a3-b297-7283-08b2-965d1e44cae4" executionId="77628e58-1100-4239-bacb-cd6422c6b6f8" testListId="8c84fa94-04c1-424b-9868-57a2d4851a1d" />
    <TestEntry testId="bb439f9f-fec1-c8e6-de29-38825c210bee" executionId="1dd5da75-ac54-42c9-9a24-aa0f0b878fe4" testListId="8c84fa94-04c1-424b-9868-57a2d4851a1d" />
    <TestEntry testId="fdf8930d-32cc-6043-e5e7-a8a1cf1cdf45" executionId="55e27c09-d036-4023-8be5-6ad3b277882e" testListId="8c84fa94-04c1-424b-9868-57a2d4851a1d" />
    <TestEntry testId="48be9065-54cb-9463-4db0-a28fb13c3f13" executionId="74501d64-a1d1-4929-b8c2-837c09ee7df9" testListId="8c84fa94-04c1-424b-9868-57a2d4851a1d" />
    <TestEntry testId="307ba5ae-4047-4671-a0ae-59b923691649" executionId="624d4761-c209-4916-a315-a1f2ba97c18b" testListId="8c84fa94-04c1-424b-9868-57a2d4851a1d" />
    <TestEntry testId="a7b1c2c3-270d-28e1-4f96-d6cdab3fb0cb" executionId="f6af38c2-0db1-4ffb-a6b9-b31d1432cc22" testListId="8c84fa94-04c1-424b-9868-57a2d4851a1d" />
    <TestEntry testId="b57e08db-af27-e035-f405-a5594770d231" executionId="7a5cb10a-eb78-446e-bb6d-aab8be23ad67" testListId="8c84fa94-04c1-424b-9868-57a2d4851a1d" />
    <TestEntry testId="0d67a389-f27a-5927-df7c-deaa56a2ac23" executionId="40003495-f856-43a1-9708-198a6c6170d1" testListId="8c84fa94-04c1-424b-9868-57a2d4851a1d" />
    <TestEntry testId="c951cc96-fab2-20b5-116b-f8b36cf91c10" executionId="b11b0b3c-126e-4a1b-874d-b9c893764e97" testListId="8c84fa94-04c1-424b-9868-57a2d4851a1d" />
    <TestEntry testId="ec9a58f6-675c-e225-4fe5-716d9377a0a3" executionId="c1dfba92-ffd5-4349-9bfe-3ab1dff576c5" testListId="8c84fa94-04c1-424b-9868-57a2d4851a1d" />
    <TestEntry testId="8bab2567-7cbc-0ab9-1b8e-7f96790444c6" executionId="c02877b4-e015-4dc4-92a0-dea58ef4e30d" testListId="8c84fa94-04c1-424b-9868-57a2d4851a1d" />
    <TestEntry testId="60b0cf60-fe03-004c-4bfa-4785b16f1dce" executionId="dac024c8-5f22-44cb-8309-5e67c50b75b8" testListId="8c84fa94-04c1-424b-9868-57a2d4851a1d" />
    <TestEntry testId="4a258fa4-e5be-4f7a-e3e4-e1dc90744510" executionId="d6bd63d2-92a2-4f98-a8a8-aa48376a7907" testListId="8c84fa94-04c1-424b-9868-57a2d4851a1d" />
    <TestEntry testId="6ba02aa5-1bfb-ebcb-b41c-615999aa8334" executionId="6f64bcad-1e6b-40ab-9e23-0a831ead8c51" testListId="8c84fa94-04c1-424b-9868-57a2d4851a1d" />
    <TestEntry testId="c9354350-cbda-a1f1-e280-b767455dde09" executionId="27edeed7-3926-439f-b63d-8f1b15f30c40" testListId="8c84fa94-04c1-424b-9868-57a2d4851a1d" />
    <TestEntry testId="e2f6ed2b-f024-54cb-80b7-ad507738c243" executionId="06dfa0d2-585d-4a97-9fd8-275bef127375" testListId="8c84fa94-04c1-424b-9868-57a2d4851a1d" />
    <TestEntry testId="81800161-52ee-707e-8522-02ae1672866e" executionId="8b12594b-be01-4c4a-a6ec-17f432c7f966" testListId="8c84fa94-04c1-424b-9868-57a2d4851a1d" />
    <TestEntry testId="4789e52f-0940-a3c8-fe6a-e13b73623977" executionId="2441c464-ee11-4d43-b822-26338f61a8f1" testListId="8c84fa94-04c1-424b-9868-57a2d4851a1d" />
    <TestEntry testId="71326b83-217a-3999-c98f-d98f8093dd74" executionId="dd481c5a-a296-4ecc-8300-8e722d0929b6" testListId="8c84fa94-04c1-424b-9868-57a2d4851a1d" />
    <TestEntry testId="698a4013-3243-f2c9-ad1a-f5a3b3e0436d" executionId="bafa5cf4-05e1-4a1d-b4e0-5c6367b5f9a2" testListId="8c84fa94-04c1-424b-9868-57a2d4851a1d" />
    <TestEntry testId="b3d263e1-3345-99ad-b04d-44df64ff509a" executionId="14e887a9-8439-46d1-a930-eec225902af2" testListId="8c84fa94-04c1-424b-9868-57a2d4851a1d" />
    <TestEntry testId="b366df67-fbbf-42de-4bd5-7bf833b872da" executionId="2b27f7e8-855e-41a9-b77b-f3163d74d802" testListId="8c84fa94-04c1-424b-9868-57a2d4851a1d" />
  </TestEntries>
  <Results>
    <UnitTestResult executionId="01a79ab7-6ffd-4708-bb64-7a33f547c86a" testId="e173aa33-7fbd-6163-2a04-a59c87c51838" testName="Test_stores_searchQuery" computerName="STEVEN-PC" duration="00:00:00.0152742" startTime="2012-03-27T22:34:00.1028508-04:00" endTime="2012-03-27T22:34:00.6956518-04:00" testType="13cdc9d9-ddb5-4fa4-a97d-d965ccfc6d4b" outcome="Passed" testListId="8c84fa94-04c1-424b-9868-57a2d4851a1d" relativeResultsDirectory="01a79ab7-6ffd-4708-bb64-7a33f547c86a">
    </UnitTestResult>
    <UnitTestResult executionId="77628e58-1100-4239-bacb-cd6422c6b6f8" testId="b4e8e3a3-b297-7283-08b2-965d1e44cae4" testName="Test_stores_geo" computerName="STEVEN-PC" duration="00:00:00.0005283" startTime="2012-03-27T22:34:00.6956518-04:00" endTime="2012-03-27T22:34:00.7112518-04:00" testType="13cdc9d9-ddb5-4fa4-a97d-d965ccfc6d4b" outcome="Passed" testListId="8c84fa94-04c1-424b-9868-57a2d4851a1d" relativeResultsDirectory="77628e58-1100-4239-bacb-cd6422c6b6f8">
    </UnitTestResult>
    <UnitTestResult executionId="1dd5da75-ac54-42c9-9a24-aa0f0b878fe4" testId="bb439f9f-fec1-c8e6-de29-38825c210bee" testName="Test_stores_with_multi_where" computerName="STEVEN-PC" duration="00:00:00.0081185" startTime="2012-03-27T22:34:00.7112518-04:00" endTime="2012-03-27T22:34:00.7268519-04:00" testType="13cdc9d9-ddb5-4fa4-a97d-d965ccfc6d4b" outcome="Passed" testListId="8c84fa94-04c1-424b-9868-57a2d4851a1d" relativeResultsDirectory="1dd5da75-ac54-42c9-9a24-aa0f0b878fe4">
    </UnitTestResult>
    <UnitTestResult executionId="55e27c09-d036-4023-8be5-6ad3b277882e" testId="fdf8930d-32cc-6043-e5e7-a8a1cf1cdf45" testName="Test_stores_with_product" computerName="STEVEN-PC" duration="00:00:06.6768117" startTime="2012-03-27T22:34:00.7268519-04:00" endTime="2012-03-27T22:34:07.4036636-04:00" testType="13cdc9d9-ddb5-4fa4-a97d-d965ccfc6d4b" outcome="Aborted" testListId="8c84fa94-04c1-424b-9868-57a2d4851a1d" relativeResultsDirectory="55e27c09-d036-4023-8be5-6ad3b277882e">
    </UnitTestResult>
    <UnitTestResult executionId="74501d64-a1d1-4929-b8c2-837c09ee7df9" testId="48be9065-54cb-9463-4db0-a28fb13c3f13" testName="Test_where" computerName="STEVEN-PC" testType="13cdc9d9-ddb5-4fa4-a97d-d965ccfc6d4b" outcome="NotExecuted" testListId="8c84fa94-04c1-424b-9868-57a2d4851a1d" relativeResultsDirectory="74501d64-a1d1-4929-b8c2-837c09ee7df9">
    </UnitTestResult>
    <UnitTestResult executionId="624d4761-c209-4916-a315-a1f2ba97c18b" testId="307ba5ae-4047-4671-a0ae-59b923691649" testName="Test_where_not" computerName="STEVEN-PC" testType="13cdc9d9-ddb5-4fa4-a97d-d965ccfc6d4b" outcome="NotExecuted" testListId="8c84fa94-04c1-424b-9868-57a2d4851a1d" relativeResultsDirectory="624d4761-c209-4916-a315-a1f2ba97c18b">
    </UnitTestResult>
    <UnitTestResult executionId="f6af38c2-0db1-4ffb-a6b9-b31d1432cc22" testId="a7b1c2c3-270d-28e1-4f96-d6cdab3fb0cb" testName="Test_multi_clause_where" computerName="STEVEN-PC" testType="13cdc9d9-ddb5-4fa4-a97d-d965ccfc6d4b" outcome="NotExecuted" testListId="8c84fa94-04c1-424b-9868-57a2d4851a1d" relativeResultsDirectory="f6af38c2-0db1-4ffb-a6b9-b31d1432cc22">
    </UnitTestResult>
    <UnitTestResult executionId="7a5cb10a-eb78-446e-bb6d-aab8be23ad67" testId="b57e08db-af27-e035-f405-a5594770d231" testName="Test_multi_clause_where_and_where_not" computerName="STEVEN-PC" testType="13cdc9d9-ddb5-4fa4-a97d-d965ccfc6d4b" outcome="NotExecuted" testListId="8c84fa94-04c1-424b-9868-57a2d4851a1d" relativeResultsDirectory="7a5cb10a-eb78-446e-bb6d-aab8be23ad67">
    </UnitTestResult>
    <UnitTestResult executionId="40003495-f856-43a1-9708-198a6c6170d1" testId="0d67a389-f27a-5927-df7c-deaa56a2ac23" testName="Test_orderby" computerName="STEVEN-PC" testType="13cdc9d9-ddb5-4fa4-a97d-d965ccfc6d4b" outcome="NotExecuted" testListId="8c84fa94-04c1-424b-9868-57a2d4851a1d" relativeResultsDirectory="40003495-f856-43a1-9708-198a6c6170d1">
    </UnitTestResult>
    <UnitTestResult executionId="b11b0b3c-126e-4a1b-874d-b9c893764e97" testId="c951cc96-fab2-20b5-116b-f8b36cf91c10" testName="Test_multi_clause_orderby" computerName="STEVEN-PC" testType="13cdc9d9-ddb5-4fa4-a97d-d965ccfc6d4b" outcome="NotExecuted" testListId="8c84fa94-04c1-424b-9868-57a2d4851a1d" relativeResultsDirectory="b11b0b3c-126e-4a1b-874d-b9c893764e97">
    </UnitTestResult>
    <UnitTestResult executionId="c1dfba92-ffd5-4349-9bfe-3ab1dff576c5" testId="ec9a58f6-675c-e225-4fe5-716d9377a0a3" testName="Test_single" computerName="STEVEN-PC" testType="13cdc9d9-ddb5-4fa4-a97d-d965ccfc6d4b" outcome="NotExecuted" testListId="8c84fa94-04c1-424b-9868-57a2d4851a1d" relativeResultsDirectory="c1dfba92-ffd5-4349-9bfe-3ab1dff576c5">
    </UnitTestResult>
    <UnitTestResult executionId="c02877b4-e015-4dc4-92a0-dea58ef4e30d" testId="8bab2567-7cbc-0ab9-1b8e-7f96790444c6" testName="Test_enumerator" computerName="STEVEN-PC" testType="13cdc9d9-ddb5-4fa4-a97d-d965ccfc6d4b" outcome="NotExecuted" testListId="8c84fa94-04c1-424b-9868-57a2d4851a1d" relativeResultsDirectory="c02877b4-e015-4dc4-92a0-dea58ef4e30d">
    </UnitTestResult>
    <UnitTestResult executionId="dac024c8-5f22-44cb-8309-5e67c50b75b8" testId="60b0cf60-fe03-004c-4bfa-4785b16f1dce" testName="Test_where_and" computerName="STEVEN-PC" testType="13cdc9d9-ddb5-4fa4-a97d-d965ccfc6d4b" outcome="NotExecuted" testListId="8c84fa94-04c1-424b-9868-57a2d4851a1d" relativeResultsDirectory="dac024c8-5f22-44cb-8309-5e67c50b75b8">
    </UnitTestResult>
    <UnitTestResult executionId="d6bd63d2-92a2-4f98-a8a8-aa48376a7907" testId="4a258fa4-e5be-4f7a-e3e4-e1dc90744510" testName="Test_bool_where" computerName="STEVEN-PC" testType="13cdc9d9-ddb5-4fa4-a97d-d965ccfc6d4b" outcome="NotExecuted" testListId="8c84fa94-04c1-424b-9868-57a2d4851a1d" relativeResultsDirectory="d6bd63d2-92a2-4f98-a8a8-aa48376a7907">
    </UnitTestResult>
    <UnitTestResult executionId="6f64bcad-1e6b-40ab-9e23-0a831ead8c51" testId="6ba02aa5-1bfb-ebcb-b41c-615999aa8334" testName="Test_toList" computerName="STEVEN-PC" testType="13cdc9d9-ddb5-4fa4-a97d-d965ccfc6d4b" outcome="NotExecuted" testListId="8c84fa94-04c1-424b-9868-57a2d4851a1d" relativeResultsDirectory="6f64bcad-1e6b-40ab-9e23-0a831ead8c51">
    </UnitTestResult>
    <UnitTestResult executionId="27edeed7-3926-439f-b63d-8f1b15f30c40" testId="c9354350-cbda-a1f1-e280-b767455dde09" testName="Test_products_in_store_by_id" computerName="STEVEN-PC" testType="13cdc9d9-ddb5-4fa4-a97d-d965ccfc6d4b" outcome="NotExecuted" testListId="8c84fa94-04c1-424b-9868-57a2d4851a1d" relativeResultsDirectory="27edeed7-3926-439f-b63d-8f1b15f30c40">
    </UnitTestResult>
    <UnitTestResult executionId="06dfa0d2-585d-4a97-9fd8-275bef127375" testId="e2f6ed2b-f024-54cb-80b7-ad507738c243" testName="Test_products_in_store_lazy_loaded" computerName="STEVEN-PC" testType="13cdc9d9-ddb5-4fa4-a97d-d965ccfc6d4b" outcome="NotExecuted" testListId="8c84fa94-04c1-424b-9868-57a2d4851a1d" relativeResultsDirectory="06dfa0d2-585d-4a97-9fd8-275bef127375">
    </UnitTestResult>
    <UnitTestResult executionId="8b12594b-be01-4c4a-a6ec-17f432c7f966" testId="81800161-52ee-707e-8522-02ae1672866e" testName="Test_products_in_store_with_where" computerName="STEVEN-PC" testType="13cdc9d9-ddb5-4fa4-a97d-d965ccfc6d4b" outcome="NotExecuted" testListId="8c84fa94-04c1-424b-9868-57a2d4851a1d" relativeResultsDirectory="8b12594b-be01-4c4a-a6ec-17f432c7f966">
    </UnitTestResult>
    <UnitTestResult executionId="2441c464-ee11-4d43-b822-26338f61a8f1" testId="4789e52f-0940-a3c8-fe6a-e13b73623977" testName="Test_where_and_orderby" computerName="STEVEN-PC" testType="13cdc9d9-ddb5-4fa4-a97d-d965ccfc6d4b" outcome="NotExecuted" testListId="8c84fa94-04c1-424b-9868-57a2d4851a1d" relativeResultsDirectory="2441c464-ee11-4d43-b822-26338f61a8f1">
    </UnitTestResult>
    <UnitTestResult executionId="dd481c5a-a296-4ecc-8300-8e722d0929b6" testId="71326b83-217a-3999-c98f-d98f8093dd74" testName="Test_take" computerName="STEVEN-PC" testType="13cdc9d9-ddb5-4fa4-a97d-d965ccfc6d4b" outcome="NotExecuted" testListId="8c84fa94-04c1-424b-9868-57a2d4851a1d" relativeResultsDirectory="dd481c5a-a296-4ecc-8300-8e722d0929b6">
    </UnitTestResult>
    <UnitTestResult executionId="bafa5cf4-05e1-4a1d-b4e0-5c6367b5f9a2" testId="698a4013-3243-f2c9-ad1a-f5a3b3e0436d" testName="Test_skip" computerName="STEVEN-PC" testType="13cdc9d9-ddb5-4fa4-a97d-d965ccfc6d4b" outcome="NotExecuted" testListId="8c84fa94-04c1-424b-9868-57a2d4851a1d" relativeResultsDirectory="bafa5cf4-05e1-4a1d-b4e0-5c6367b5f9a2">
    </UnitTestResult>
    <UnitTestResult executionId="14e887a9-8439-46d1-a930-eec225902af2" testId="b3d263e1-3345-99ad-b04d-44df64ff509a" testName="Test_take_and_skip" computerName="STEVEN-PC" testType="13cdc9d9-ddb5-4fa4-a97d-d965ccfc6d4b" outcome="NotExecuted" testListId="8c84fa94-04c1-424b-9868-57a2d4851a1d" relativeResultsDirectory="14e887a9-8439-46d1-a930-eec225902af2">
    </UnitTestResult>
    <UnitTestResult executionId="2b27f7e8-855e-41a9-b77b-f3163d74d802" testId="b366df67-fbbf-42de-4bd5-7bf833b872da" testName="Test_stores_signle" computerName="STEVEN-PC" testType="13cdc9d9-ddb5-4fa4-a97d-d965ccfc6d4b" outcome="NotExecuted" testListId="8c84fa94-04c1-424b-9868-57a2d4851a1d" relativeResultsDirectory="2b27f7e8-855e-41a9-b77b-f3163d74d802">
    </UnitTestResult>
  </Results>
</TestRun>