<?xml version="1.0" encoding="UTF-8"?>
<TestRun id="c8eecfab-d3ca-4b6e-abd9-e7b9ef0d7221" name="Steven@STEVEN-PC 2012-03-27 22:34:17" runUser="Steven-PC\Steven" xmlns="http://microsoft.com/schemas/VisualStudio/TeamTest/2010">
  <TestSettings name="Local" id="9a3cc359-a60d-41bb-8c84-7024cd7e5428">
    <Description>These are default test settings for a local test run.</Description>
    <Deployment enabled="false" runDeploymentRoot="Steven_STEVEN-PC 2012-03-27 22_34_17">
      <DeploymentItem filename="C:\Users\Steven\Documents\Visual Studio 2010\Projects\LinqToLcbo\LinqToLcbo\bin\Debug\LinqToLcbo.dll" />
    </Deployment>
    <Execution>
      <TestTypeSpecific />
      <AgentRule name="Execution Agents">
      </AgentRule>
    </Execution>
  </TestSettings>
  <Times creation="2012-03-27T22:34:17.6987644-04:00" queuing="2012-03-27T22:34:18.3539656-04:00" start="2012-03-27T22:34:18.4943658-04:00" finish="2012-03-27T22:34:44.0940108-04:00" />
  <ResultSummary outcome="Error">
    <Counters total="23" executed="16" passed="15" error="0" failed="0" timeout="0" aborted="1" inconclusive="0" passedButRunAborted="0" notRunnable="0" notExecuted="7" disconnected="0" warning="0" completed="0" inProgress="0" pending="0" />
    <RunInfos>
      <RunInfo computerName="STEVEN-PC" outcome="Error" timestamp="2012-03-27T22:34:44.0784108-04:00">
        <Text>Test host process exited unexpectedly.</Text>
      </RunInfo>
    </RunInfos>
  </ResultSummary>
  <TestDefinitions>
    <UnitTest name="Test_where_and" storage="c:\users\steven\documents\visual studio 2010\projects\linqtolcbo\linqtolcbotests\bin\debug\linqtolcbotests.dll" id="60b0cf60-fe03-004c-4bfa-4785b16f1dce">
      <Execution id="a1afc8ac-2b08-4cf1-928f-d2f43f6dd4cf" />
      <TestMethod codeBase="C:/Users/Steven/Documents/Visual Studio 2010/Projects/LinqToLcbo/LinqToLcboTests/bin/Debug/LinqToLcboTests.DLL" adapterTypeName="Microsoft.VisualStudio.TestTools.TestTypes.Unit.UnitTestAdapter, Microsoft.VisualStudio.QualityTools.Tips.UnitTest.Adapter, Version=10.0.0.0, Culture=neutral, PublicKeyToken=b03f5f7f11d50a3a" className="LinqToLcboTests.ProductTest, LinqToLcboTests, Version=1.0.0.0, Culture=neutral, PublicKeyToken=null" name="Test_where_and" />
    </UnitTest>
    <UnitTest name="Test_multi_clause_where_and_where_not" storage="c:\users\steven\documents\visual studio 2010\projects\linqtolcbo\linqtolcbotests\bin\debug\linqtolcbotests.dll" id="b57e08db-af27-e035-f405-a5594770d231">
      <Execution id="c46704a6-7a40-4669-90b8-018cbb1e9b2d" />
      <TestMethod codeBase="C:/Users/Steven/Documents/Visual Studio 2010/Projects/LinqToLcbo/LinqToLcboTests/bin/Debug/LinqToLcboTests.DLL" adapterTypeName="Microsoft.VisualStudio.TestTools.TestTypes.Unit.UnitTestAdapter, Microsoft.VisualStudio.QualityTools.Tips.UnitTest.Adapter, Version=10.0.0.0, Culture=neutral, PublicKeyToken=b03f5f7f11d50a3a" className="LinqToLcboTests.ProductTest, LinqToLcboTests, Version=1.0.0.0, Culture=neutral, PublicKeyToken=null" name="Test_multi_clause_where_and_where_not" />
    </UnitTest>
    <UnitTest name="Test_toList" storage="c:\users\steven\documents\visual studio 2010\projects\linqtolcbo\linqtolcbotests\bin\debug\linqtolcbotests.dll" id="6ba02aa5-1bfb-ebcb-b41c-615999aa8334">
      <Execution id="67824083-51b8-489d-b363-d4f01b0cd5a3" />
      <TestMethod codeBase="C:/Users/Steven/Documents/Visual Studio 2010/Projects/LinqToLcbo/LinqToLcboTests/bin/Debug/LinqToLcboTests.DLL" adapterTypeName="Microsoft.VisualStudio.TestTools.TestTypes.Unit.UnitTestAdapter, Microsoft.VisualStudio.QualityTools.Tips.UnitTest.Adapter, Version=10.0.0.0, Culture=neutral, PublicKeyToken=b03f5f7f11d50a3a" className="LinqToLcboTests.ProductTest, LinqToLcboTests, Version=1.0.0.0, Culture=neutral, PublicKeyToken=null" name="Test_toList" />
    </UnitTest>
    <UnitTest name="Test_where_and_orderby" storage="c:\users\steven\documents\visual studio 2010\projects\linqtolcbo\linqtolcbotests\bin\debug\linqtolcbotests.dll" id="4789e52f-0940-a3c8-fe6a-e13b73623977">
      <Execution id="677b2a2d-5cb0-4a49-9539-b76ba3d39da1" />
      <TestMethod codeBase="C:/Users/Steven/Documents/Visual Studio 2010/Projects/LinqToLcbo/LinqToLcboTests/bin/Debug/LinqToLcboTests.DLL" adapterTypeName="Microsoft.VisualStudio.TestTools.TestTypes.Unit.UnitTestAdapter, Microsoft.VisualStudio.QualityTools.Tips.UnitTest.Adapter, Version=10.0.0.0, Culture=neutral, PublicKeyToken=b03f5f7f11d50a3a" className="LinqToLcboTests.ProductTest, LinqToLcboTests, Version=1.0.0.0, Culture=neutral, PublicKeyToken=null" name="Test_where_and_orderby" />
    </UnitTest>
    <UnitTest name="Test_bool_where" storage="c:\users\steven\documents\visual studio 2010\projects\linqtolcbo\linqtolcbotests\bin\debug\linqtolcbotests.dll" id="4a258fa4-e5be-4f7a-e3e4-e1dc90744510">
      <Execution id="f1cf9ceb-5a58-4b9d-8100-9963686f2c16" />
      <TestMethod codeBase="C:/Users/Steven/Documents/Visual Studio 2010/Projects/LinqToLcbo/LinqToLcboTests/bin/Debug/LinqToLcboTests.DLL" adapterTypeName="Microsoft.VisualStudio.TestTools.TestTypes.Unit.UnitTestAdapter, Microsoft.VisualStudio.QualityTools.Tips.UnitTest.Adapter, Version=10.0.0.0, Culture=neutral, PublicKeyToken=b03f5f7f11d50a3a" className="LinqToLcboTests.ProductTest, LinqToLcboTests, Version=1.0.0.0, Culture=neutral, PublicKeyToken=null" name="Test_bool_where" />
    </UnitTest>
    <UnitTest name="Test_stores_geo" storage="c:\users\steven\documents\visual studio 2010\projects\linqtolcbo\linqtolcbotests\bin\debug\linqtolcbotests.dll" id="b4e8e3a3-b297-7283-08b2-965d1e44cae4">
      <Execution id="b9cc0d6a-a20b-4a12-b107-005e96bbadd5" />
      <TestMethod codeBase="C:/Users/Steven/Documents/Visual Studio 2010/Projects/LinqToLcbo/LinqToLcboTests/bin/Debug/LinqToLcboTests.DLL" adapterTypeName="Microsoft.VisualStudio.TestTools.TestTypes.Unit.UnitTestAdapter, Microsoft.VisualStudio.QualityTools.Tips.UnitTest.Adapter, Version=10.0.0.0, Culture=neutral, PublicKeyToken=b03f5f7f11d50a3a" className="LinqToLcboTests.StoreTest, LinqToLcboTests, Version=1.0.0.0, Culture=neutral, PublicKeyToken=null" name="Test_stores_geo" />
    </UnitTest>
    <UnitTest name="Test_multi_clause_orderby" storage="c:\users\steven\documents\visual studio 2010\projects\linqtolcbo\linqtolcbotests\bin\debug\linqtolcbotests.dll" id="c951cc96-fab2-20b5-116b-f8b36cf91c10">
      <Execution id="a4ef38d4-ccef-4ebe-a7df-585334fab153" />
      <TestMethod codeBase="C:/Users/Steven/Documents/Visual Studio 2010/Projects/LinqToLcbo/LinqToLcboTests/bin/Debug/LinqToLcboTests.DLL" adapterTypeName="Microsoft.VisualStudio.TestTools.TestTypes.Unit.UnitTestAdapter, Microsoft.VisualStudio.QualityTools.Tips.UnitTest.Adapter, Version=10.0.0.0, Culture=neutral, PublicKeyToken=b03f5f7f11d50a3a" className="LinqToLcboTests.ProductTest, LinqToLcboTests, Version=1.0.0.0, Culture=neutral, PublicKeyToken=null" name="Test_multi_clause_orderby" />
    </UnitTest>
    <UnitTest name="Test_products_in_store_by_id" storage="c:\users\steven\documents\visual studio 2010\projects\linqtolcbo\linqtolcbotests\bin\debug\linqtolcbotests.dll" id="c9354350-cbda-a1f1-e280-b767455dde09">
      <Execution id="1fc04b73-4801-4c1c-8053-1686f12990b4" />
      <TestMethod codeBase="C:/Users/Steven/Documents/Visual Studio 2010/Projects/LinqToLcbo/LinqToLcboTests/bin/Debug/LinqToLcboTests.DLL" adapterTypeName="Microsoft.VisualStudio.TestTools.TestTypes.Unit.UnitTestAdapter, Microsoft.VisualStudio.QualityTools.Tips.UnitTest.Adapter, Version=10.0.0.0, Culture=neutral, PublicKeyToken=b03f5f7f11d50a3a" className="LinqToLcboTests.ProductTest, LinqToLcboTests, Version=1.0.0.0, Culture=neutral, PublicKeyToken=null" name="Test_products_in_store_by_id" />
    </UnitTest>
    <UnitTest name="Test_skip" storage="c:\users\steven\documents\visual studio 2010\projects\linqtolcbo\linqtolcbotests\bin\debug\linqtolcbotests.dll" id="698a4013-3243-f2c9-ad1a-f5a3b3e0436d">
      <Execution id="df51afc2-4cca-48d0-9d46-ee77e1cc56bf" />
      <TestMethod codeBase="C:/Users/Steven/Documents/Visual Studio 2010/Projects/LinqToLcbo/LinqToLcboTests/bin/Debug/LinqToLcboTests.DLL" adapterTypeName="Microsoft.VisualStudio.TestTools.TestTypes.Unit.UnitTestAdapter, Microsoft.VisualStudio.QualityTools.Tips.UnitTest.Adapter, Version=10.0.0.0, Culture=neutral, PublicKeyToken=b03f5f7f11d50a3a" className="LinqToLcboTests.ProductTest, LinqToLcboTests, Version=1.0.0.0, Culture=neutral, PublicKeyToken=null" name="Test_skip" />
    </UnitTest>
    <UnitTest name="Test_enumerator" storage="c:\users\steven\documents\visual studio 2010\projects\linqtolcbo\linqtolcbotests\bin\debug\linqtolcbotests.dll" id="8bab2567-7cbc-0ab9-1b8e-7f96790444c6">
      <Execution id="426eeccc-075a-48a7-ae02-630c60b20723" />
      <TestMethod codeBase="C:/Users/Steven/Documents/Visual Studio 2010/Projects/LinqToLcbo/LinqToLcboTests/bin/Debug/LinqToLcboTests.DLL" adapterTypeName="Microsoft.VisualStudio.TestTools.TestTypes.Unit.UnitTestAdapter, Microsoft.VisualStudio.QualityTools.Tips.UnitTest.Adapter, Version=10.0.0.0, Culture=neutral, PublicKeyToken=b03f5f7f11d50a3a" className="LinqToLcboTests.ProductTest, LinqToLcboTests, Version=1.0.0.0, Culture=neutral, PublicKeyToken=null" name="Test_enumerator" />
    </UnitTest>
    <UnitTest name="Test_products_in_store_with_where" storage="c:\users\steven\documents\visual studio 2010\projects\linqtolcbo\linqtolcbotests\bin\debug\linqtolcbotests.dll" id="81800161-52ee-707e-8522-02ae1672866e">
      <Execution id="13cce000-dd58-484e-b1b0-a563f62a3a1f" />
      <TestMethod codeBase="C:/Users/Steven/Documents/Visual Studio 2010/Projects/LinqToLcbo/LinqToLcboTests/bin/Debug/LinqToLcboTests.DLL" adapterTypeName="Microsoft.VisualStudio.TestTools.TestTypes.Unit.UnitTestAdapter, Microsoft.VisualStudio.QualityTools.Tips.UnitTest.Adapter, Version=10.0.0.0, Culture=neutral, PublicKeyToken=b03f5f7f11d50a3a" className="LinqToLcboTests.ProductTest, LinqToLcboTests, Version=1.0.0.0, Culture=neutral, PublicKeyToken=null" name="Test_products_in_store_with_where" />
    </UnitTest>
    <UnitTest name="Test_orderby" storage="c:\users\steven\documents\visual studio 2010\projects\linqtolcbo\linqtolcbotests\bin\debug\linqtolcbotests.dll" id="0d67a389-f27a-5927-df7c-deaa56a2ac23">
      <Execution id="5f797790-fbed-4639-8042-55ad36e200e8" />
      <TestMethod codeBase="C:/Users/Steven/Documents/Visual Studio 2010/Projects/LinqToLcbo/LinqToLcboTests/bin/Debug/LinqToLcboTests.DLL" adapterTypeName="Microsoft.VisualStudio.TestTools.TestTypes.Unit.UnitTestAdapter, Microsoft.VisualStudio.QualityTools.Tips.UnitTest.Adapter, Version=10.0.0.0, Culture=neutral, PublicKeyToken=b03f5f7f11d50a3a" className="LinqToLcboTests.ProductTest, LinqToLcboTests, Version=1.0.0.0, Culture=neutral, PublicKeyToken=null" name="Test_orderby" />
    </UnitTest>
    <UnitTest name="Test_where" storage="c:\users\steven\documents\visual studio 2010\projects\linqtolcbo\linqtolcbotests\bin\debug\linqtolcbotests.dll" id="48be9065-54cb-9463-4db0-a28fb13c3f13">
      <Execution id="fc8b7bc0-6e79-408b-a80c-44dc8e1718f3" />
      <TestMethod codeBase="C:/Users/Steven/Documents/Visual Studio 2010/Projects/LinqToLcbo/LinqToLcboTests/bin/Debug/LinqToLcboTests.DLL" adapterTypeName="Microsoft.VisualStudio.TestTools.TestTypes.Unit.UnitTestAdapter, Microsoft.VisualStudio.QualityTools.Tips.UnitTest.Adapter, Version=10.0.0.0, Culture=neutral, PublicKeyToken=b03f5f7f11d50a3a" className="LinqToLcboTests.ProductTest, LinqToLcboTests, Version=1.0.0.0, Culture=neutral, PublicKeyToken=null" name="Test_where" />
    </UnitTest>
    <UnitTest name="Test_stores_with_multi_where" storage="c:\users\steven\documents\visual studio 2010\projects\linqtolcbo\linqtolcbotests\bin\debug\linqtolcbotests.dll" id="bb439f9f-fec1-c8e6-de29-38825c210bee">
      <Execution id="27d5b58f-f308-4dac-9bf0-8ba846cb9155" />
      <TestMethod codeBase="C:/Users/Steven/Documents/Visual Studio 2010/Projects/LinqToLcbo/LinqToLcboTests/bin/Debug/LinqToLcboTests.DLL" adapterTypeName="Microsoft.VisualStudio.TestTools.TestTypes.Unit.UnitTestAdapter, Microsoft.VisualStudio.QualityTools.Tips.UnitTest.Adapter, Version=10.0.0.0, Culture=neutral, PublicKeyToken=b03f5f7f11d50a3a" className="LinqToLcboTests.StoreTest, LinqToLcboTests, Version=1.0.0.0, Culture=neutral, PublicKeyToken=null" name="Test_stores_with_multi_where" />
    </UnitTest>
    <UnitTest name="Test_stores_searchQuery" storage="c:\users\steven\documents\visual studio 2010\projects\linqtolcbo\linqtolcbotests\bin\debug\linqtolcbotests.dll" id="e173aa33-7fbd-6163-2a04-a59c87c51838">
      <Execution id="fcf9ca47-d2cc-4555-8148-51cee5dc2bae" />
      <TestMethod codeBase="C:/Users/Steven/Documents/Visual Studio 2010/Projects/LinqToLcbo/LinqToLcboTests/bin/Debug/LinqToLcboTests.DLL" adapterTypeName="Microsoft.VisualStudio.TestTools.TestTypes.Unit.UnitTestAdapter, Microsoft.VisualStudio.QualityTools.Tips.UnitTest.Adapter, Version=10.0.0.0, Culture=neutral, PublicKeyToken=b03f5f7f11d50a3a" className="LinqToLcboTests.StoreTest, LinqToLcboTests, Version=1.0.0.0, Culture=neutral, PublicKeyToken=null" name="Test_stores_searchQuery" />
    </UnitTest>
    <UnitTest name="Test_take_and_skip" storage="c:\users\steven\documents\visual studio 2010\projects\linqtolcbo\linqtolcbotests\bin\debug\linqtolcbotests.dll" id="b3d263e1-3345-99ad-b04d-44df64ff509a">
      <Execution id="f208946d-d463-4de8-b169-a413a5c7c923" />
      <TestMethod codeBase="C:/Users/Steven/Documents/Visual Studio 2010/Projects/LinqToLcbo/LinqToLcboTests/bin/Debug/LinqToLcboTests.DLL" adapterTypeName="Microsoft.VisualStudio.TestTools.TestTypes.Unit.UnitTestAdapter, Microsoft.VisualStudio.QualityTools.Tips.UnitTest.Adapter, Version=10.0.0.0, Culture=neutral, PublicKeyToken=b03f5f7f11d50a3a" className="LinqToLcboTests.ProductTest, LinqToLcboTests, Version=1.0.0.0, Culture=neutral, PublicKeyToken=null" name="Test_take_and_skip" />
    </UnitTest>
    <UnitTest name="Test_products_in_store_lazy_loaded" storage="c:\users\steven\documents\visual studio 2010\projects\linqtolcbo\linqtolcbotests\bin\debug\linqtolcbotests.dll" id="e2f6ed2b-f024-54cb-80b7-ad507738c243">
      <Execution id="8fdd5c33-fa1a-410f-b537-4e4da5b7e754" />
      <TestMethod codeBase="C:/Users/Steven/Documents/Visual Studio 2010/Projects/LinqToLcbo/LinqToLcboTests/bin/Debug/LinqToLcboTests.DLL" adapterTypeName="Microsoft.VisualStudio.TestTools.TestTypes.Unit.UnitTestAdapter, Microsoft.VisualStudio.QualityTools.Tips.UnitTest.Adapter, Version=10.0.0.0, Culture=neutral, PublicKeyToken=b03f5f7f11d50a3a" className="LinqToLcboTests.ProductTest, LinqToLcboTests, Version=1.0.0.0, Culture=neutral, PublicKeyToken=null" name="Test_products_in_store_lazy_loaded" />
    </UnitTest>
    <UnitTest name="Test_single" storage="c:\users\steven\documents\visual studio 2010\projects\linqtolcbo\linqtolcbotests\bin\debug\linqtolcbotests.dll" id="ec9a58f6-675c-e225-4fe5-716d9377a0a3">
      <Execution id="3d4d688e-5719-4573-86a4-a7b65c10bd9d" />
      <TestMethod codeBase="C:/Users/Steven/Documents/Visual Studio 2010/Projects/LinqToLcbo/LinqToLcboTests/bin/Debug/LinqToLcboTests.DLL" adapterTypeName="Microsoft.VisualStudio.TestTools.TestTypes.Unit.UnitTestAdapter, Microsoft.VisualStudio.QualityTools.Tips.UnitTest.Adapter, Version=10.0.0.0, Culture=neutral, PublicKeyToken=b03f5f7f11d50a3a" className="LinqToLcboTests.ProductTest, LinqToLcboTests, Version=1.0.0.0, Culture=neutral, PublicKeyToken=null" name="Test_single" />
    </UnitTest>
    <UnitTest name="Test_multi_clause_where" storage="c:\users\steven\documents\visual studio 2010\projects\linqtolcbo\linqtolcbotests\bin\debug\linqtolcbotests.dll" id="a7b1c2c3-270d-28e1-4f96-d6cdab3fb0cb">
      <Execution id="ee61adb4-3fce-4f4d-a621-80362a23450d" />
      <TestMethod codeBase="C:/Users/Steven/Documents/Visual Studio 2010/Projects/LinqToLcbo/LinqToLcboTests/bin/Debug/LinqToLcboTests.DLL" adapterTypeName="Microsoft.VisualStudio.TestTools.TestTypes.Unit.UnitTestAdapter, Microsoft.VisualStudio.QualityTools.Tips.UnitTest.Adapter, Version=10.0.0.0, Culture=neutral, PublicKeyToken=b03f5f7f11d50a3a" className="LinqToLcboTests.ProductTest, LinqToLcboTests, Version=1.0.0.0, Culture=neutral, PublicKeyToken=null" name="Test_multi_clause_where" />
    </UnitTest>
    <UnitTest name="Test_take" storage="c:\users\steven\documents\visual studio 2010\projects\linqtolcbo\linqtolcbotests\bin\debug\linqtolcbotests.dll" id="71326b83-217a-3999-c98f-d98f8093dd74">
      <Execution id="ccce328e-e5e9-4546-9a18-15e6448e8a16" />
      <TestMethod codeBase="C:/Users/Steven/Documents/Visual Studio 2010/Projects/LinqToLcbo/LinqToLcboTests/bin/Debug/LinqToLcboTests.DLL" adapterTypeName="Microsoft.VisualStudio.TestTools.TestTypes.Unit.UnitTestAdapter, Microsoft.VisualStudio.QualityTools.Tips.UnitTest.Adapter, Version=10.0.0.0, Culture=neutral, PublicKeyToken=b03f5f7f11d50a3a" className="LinqToLcboTests.ProductTest, LinqToLcboTests, Version=1.0.0.0, Culture=neutral, PublicKeyToken=null" name="Test_take" />
    </UnitTest>
    <UnitTest name="Test_stores_with_product" storage="c:\users\steven\documents\visual studio 2010\projects\linqtolcbo\linqtolcbotests\bin\debug\linqtolcbotests.dll" id="fdf8930d-32cc-6043-e5e7-a8a1cf1cdf45">
      <Execution id="16d6b81f-1182-4448-8260-fa15acafd6c4" />
      <TestMethod codeBase="C:/Users/Steven/Documents/Visual Studio 2010/Projects/LinqToLcbo/LinqToLcboTests/bin/Debug/LinqToLcboTests.DLL" adapterTypeName="Microsoft.VisualStudio.TestTools.TestTypes.Unit.UnitTestAdapter, Microsoft.VisualStudio.QualityTools.Tips.UnitTest.Adapter, Version=10.0.0.0, Culture=neutral, PublicKeyToken=b03f5f7f11d50a3a" className="LinqToLcboTests.StoreTest, LinqToLcboTests, Version=1.0.0.0, Culture=neutral, PublicKeyToken=null" name="Test_stores_with_product" />
    </UnitTest>
    <UnitTest name="Test_where_not" storage="c:\users\steven\documents\visual studio 2010\projects\linqtolcbo\linqtolcbotests\bin\debug\linqtolcbotests.dll" id="307ba5ae-4047-4671-a0ae-59b923691649">
      <Execution id="576bc25f-48fc-4074-a614-082e8c9cd949" />
      <TestMethod codeBase="C:/Users/Steven/Documents/Visual Studio 2010/Projects/LinqToLcbo/LinqToLcboTests/bin/Debug/LinqToLcboTests.DLL" adapterTypeName="Microsoft.VisualStudio.TestTools.TestTypes.Unit.UnitTestAdapter, Microsoft.VisualStudio.QualityTools.Tips.UnitTest.Adapter, Version=10.0.0.0, Culture=neutral, PublicKeyToken=b03f5f7f11d50a3a" className="LinqToLcboTests.ProductTest, LinqToLcboTests, Version=1.0.0.0, Culture=neutral, PublicKeyToken=null" name="Test_where_not" />
    </UnitTest>
    <UnitTest name="Test_stores_signle" storage="c:\users\steven\documents\visual studio 2010\projects\linqtolcbo\linqtolcbotests\bin\debug\linqtolcbotests.dll" id="b366df67-fbbf-42de-4bd5-7bf833b872da">
      <Execution id="f129a900-b5b0-4f12-b788-3be6f5cba57c" />
      <TestMethod codeBase="C:/Users/Steven/Documents/Visual Studio 2010/Projects/LinqToLcbo/LinqToLcboTests/bin/Debug/LinqToLcboTests.DLL" adapterTypeName="Microsoft.VisualStudio.TestTools.TestTypes.Unit.UnitTestAdapter, Microsoft.VisualStudio.QualityTools.Tips.UnitTest.Adapter, Version=10.0.0.0, Culture=neutral, PublicKeyToken=b03f5f7f11d50a3a" className="LinqToLcboTests.StoreTest, LinqToLcboTests, Version=1.0.0.0, Culture=neutral, PublicKeyToken=null" name="Test_stores_signle" />
    </UnitTest>
  </TestDefinitions>
  <TestLists>
    <TestList name="Results Not in a List" id="8c84fa94-04c1-424b-9868-57a2d4851a1d" />
    <TestList name="All Loaded Results" id="19431567-8539-422a-85d7-44ee4e166bda" />
  </TestLists>
  <TestEntries>
    <TestEntry testId="e173aa33-7fbd-6163-2a04-a59c87c51838" executionId="fcf9ca47-d2cc-4555-8148-51cee5dc2bae" testListId="8c84fa94-04c1-424b-9868-57a2d4851a1d" />
    <TestEntry testId="b4e8e3a3-b297-7283-08b2-965d1e44cae4" executionId="b9cc0d6a-a20b-4a12-b107-005e96bbadd5" testListId="8c84fa94-04c1-424b-9868-57a2d4851a1d" />
    <TestEntry testId="bb439f9f-fec1-c8e6-de29-38825c210bee" executionId="27d5b58f-f308-4dac-9bf0-8ba846cb9155" testListId="8c84fa94-04c1-424b-9868-57a2d4851a1d" />
    <TestEntry testId="fdf8930d-32cc-6043-e5e7-a8a1cf1cdf45" executionId="16d6b81f-1182-4448-8260-fa15acafd6c4" testListId="8c84fa94-04c1-424b-9868-57a2d4851a1d" />
    <TestEntry testId="48be9065-54cb-9463-4db0-a28fb13c3f13" executionId="fc8b7bc0-6e79-408b-a80c-44dc8e1718f3" testListId="8c84fa94-04c1-424b-9868-57a2d4851a1d" />
    <TestEntry testId="307ba5ae-4047-4671-a0ae-59b923691649" executionId="576bc25f-48fc-4074-a614-082e8c9cd949" testListId="8c84fa94-04c1-424b-9868-57a2d4851a1d" />
    <TestEntry testId="a7b1c2c3-270d-28e1-4f96-d6cdab3fb0cb" executionId="ee61adb4-3fce-4f4d-a621-80362a23450d" testListId="8c84fa94-04c1-424b-9868-57a2d4851a1d" />
    <TestEntry testId="b57e08db-af27-e035-f405-a5594770d231" executionId="c46704a6-7a40-4669-90b8-018cbb1e9b2d" testListId="8c84fa94-04c1-424b-9868-57a2d4851a1d" />
    <TestEntry testId="0d67a389-f27a-5927-df7c-deaa56a2ac23" executionId="5f797790-fbed-4639-8042-55ad36e200e8" testListId="8c84fa94-04c1-424b-9868-57a2d4851a1d" />
    <TestEntry testId="c951cc96-fab2-20b5-116b-f8b36cf91c10" executionId="a4ef38d4-ccef-4ebe-a7df-585334fab153" testListId="8c84fa94-04c1-424b-9868-57a2d4851a1d" />
    <TestEntry testId="ec9a58f6-675c-e225-4fe5-716d9377a0a3" executionId="3d4d688e-5719-4573-86a4-a7b65c10bd9d" testListId="8c84fa94-04c1-424b-9868-57a2d4851a1d" />
    <TestEntry testId="8bab2567-7cbc-0ab9-1b8e-7f96790444c6" executionId="426eeccc-075a-48a7-ae02-630c60b20723" testListId="8c84fa94-04c1-424b-9868-57a2d4851a1d" />
    <TestEntry testId="60b0cf60-fe03-004c-4bfa-4785b16f1dce" executionId="a1afc8ac-2b08-4cf1-928f-d2f43f6dd4cf" testListId="8c84fa94-04c1-424b-9868-57a2d4851a1d" />
    <TestEntry testId="4a258fa4-e5be-4f7a-e3e4-e1dc90744510" executionId="f1cf9ceb-5a58-4b9d-8100-9963686f2c16" testListId="8c84fa94-04c1-424b-9868-57a2d4851a1d" />
    <TestEntry testId="6ba02aa5-1bfb-ebcb-b41c-615999aa8334" executionId="67824083-51b8-489d-b363-d4f01b0cd5a3" testListId="8c84fa94-04c1-424b-9868-57a2d4851a1d" />
    <TestEntry testId="c9354350-cbda-a1f1-e280-b767455dde09" executionId="1fc04b73-4801-4c1c-8053-1686f12990b4" testListId="8c84fa94-04c1-424b-9868-57a2d4851a1d" />
    <TestEntry testId="e2f6ed2b-f024-54cb-80b7-ad507738c243" executionId="8fdd5c33-fa1a-410f-b537-4e4da5b7e754" testListId="8c84fa94-04c1-424b-9868-57a2d4851a1d" />
    <TestEntry testId="81800161-52ee-707e-8522-02ae1672866e" executionId="13cce000-dd58-484e-b1b0-a563f62a3a1f" testListId="8c84fa94-04c1-424b-9868-57a2d4851a1d" />
    <TestEntry testId="4789e52f-0940-a3c8-fe6a-e13b73623977" executionId="677b2a2d-5cb0-4a49-9539-b76ba3d39da1" testListId="8c84fa94-04c1-424b-9868-57a2d4851a1d" />
    <TestEntry testId="71326b83-217a-3999-c98f-d98f8093dd74" executionId="ccce328e-e5e9-4546-9a18-15e6448e8a16" testListId="8c84fa94-04c1-424b-9868-57a2d4851a1d" />
    <TestEntry testId="698a4013-3243-f2c9-ad1a-f5a3b3e0436d" executionId="df51afc2-4cca-48d0-9d46-ee77e1cc56bf" testListId="8c84fa94-04c1-424b-9868-57a2d4851a1d" />
    <TestEntry testId="b3d263e1-3345-99ad-b04d-44df64ff509a" executionId="f208946d-d463-4de8-b169-a413a5c7c923" testListId="8c84fa94-04c1-424b-9868-57a2d4851a1d" />
    <TestEntry testId="b366df67-fbbf-42de-4bd5-7bf833b872da" executionId="f129a900-b5b0-4f12-b788-3be6f5cba57c" testListId="8c84fa94-04c1-424b-9868-57a2d4851a1d" />
  </TestEntries>
  <Results>
    <UnitTestResult executionId="fcf9ca47-d2cc-4555-8148-51cee5dc2bae" testId="e173aa33-7fbd-6163-2a04-a59c87c51838" testName="Test_stores_searchQuery" computerName="STEVEN-PC" duration="00:00:00.0151782" startTime="2012-03-27T22:34:18.6191660-04:00" endTime="2012-03-27T22:34:19.1807670-04:00" testType="13cdc9d9-ddb5-4fa4-a97d-d965ccfc6d4b" outcome="Passed" testListId="8c84fa94-04c1-424b-9868-57a2d4851a1d" relativeResultsDirectory="fcf9ca47-d2cc-4555-8148-51cee5dc2bae">
    </UnitTestResult>
    <UnitTestResult executionId="b9cc0d6a-a20b-4a12-b107-005e96bbadd5" testId="b4e8e3a3-b297-7283-08b2-965d1e44cae4" testName="Test_stores_geo" computerName="STEVEN-PC" duration="00:00:00.0005225" startTime="2012-03-27T22:34:19.1963671-04:00" endTime="2012-03-27T22:34:19.1963671-04:00" testType="13cdc9d9-ddb5-4fa4-a97d-d965ccfc6d4b" outcome="Passed" testListId="8c84fa94-04c1-424b-9868-57a2d4851a1d" relativeResultsDirectory="b9cc0d6a-a20b-4a12-b107-005e96bbadd5">
    </UnitTestResult>
    <UnitTestResult executionId="27d5b58f-f308-4dac-9bf0-8ba846cb9155" testId="bb439f9f-fec1-c8e6-de29-38825c210bee" testName="Test_stores_with_multi_where" computerName="STEVEN-PC" duration="00:00:00.0081233" startTime="2012-03-27T22:34:19.1963671-04:00" endTime="2012-03-27T22:34:19.2119671-04:00" testType="13cdc9d9-ddb5-4fa4-a97d-d965ccfc6d4b" outcome="Passed" testListId="8c84fa94-04c1-424b-9868-57a2d4851a1d" relativeResultsDirectory="27d5b58f-f308-4dac-9bf0-8ba846cb9155">
    </UnitTestResult>
    <UnitTestResult executionId="16d6b81f-1182-4448-8260-fa15acafd6c4" testId="fdf8930d-32cc-6043-e5e7-a8a1cf1cdf45" testName="Test_stores_with_product" computerName="STEVEN-PC" duration="00:00:00.0009016" startTime="2012-03-27T22:34:19.2119671-04:00" endTime="2012-03-27T22:34:19.2275671-04:00" testType="13cdc9d9-ddb5-4fa4-a97d-d965ccfc6d4b" outcome="Passed" testListId="8c84fa94-04c1-424b-9868-57a2d4851a1d" relativeResultsDirectory="16d6b81f-1182-4448-8260-fa15acafd6c4">
    </UnitTestResult>
    <UnitTestResult executionId="fc8b7bc0-6e79-408b-a80c-44dc8e1718f3" testId="48be9065-54cb-9463-4db0-a28fb13c3f13" testName="Test_where" computerName="STEVEN-PC" duration="00:00:00.0020586" startTime="2012-03-27T22:34:19.2275671-04:00" endTime="2012-03-27T22:34:19.2275671-04:00" testType="13cdc9d9-ddb5-4fa4-a97d-d965ccfc6d4b" outcome="Passed" testListId="8c84fa94-04c1-424b-9868-57a2d4851a1d" relativeResultsDirectory="fc8b7bc0-6e79-408b-a80c-44dc8e1718f3">
    </UnitTestResult>
    <UnitTestResult executionId="576bc25f-48fc-4074-a614-082e8c9cd949" testId="307ba5ae-4047-4671-a0ae-59b923691649" testName="Test_where_not" computerName="STEVEN-PC" duration="00:00:00.0019619" startTime="2012-03-27T22:34:19.2431671-04:00" endTime="2012-03-27T22:34:19.2431671-04:00" testType="13cdc9d9-ddb5-4fa4-a97d-d965ccfc6d4b" outcome="Passed" testListId="8c84fa94-04c1-424b-9868-57a2d4851a1d" relativeResultsDirectory="576bc25f-48fc-4074-a614-082e8c9cd949">
    </UnitTestResult>
    <UnitTestResult executionId="ee61adb4-3fce-4f4d-a621-80362a23450d" testId="a7b1c2c3-270d-28e1-4f96-d6cdab3fb0cb" testName="Test_multi_clause_where" computerName="STEVEN-PC" duration="00:00:00.0007337" startTime="2012-03-27T22:34:19.2431671-04:00" endTime="2012-03-27T22:34:19.2587672-04:00" testType="13cdc9d9-ddb5-4fa4-a97d-d965ccfc6d4b" outcome="Passed" testListId="8c84fa94-04c1-424b-9868-57a2d4851a1d" relativeResultsDirectory="ee61adb4-3fce-4f4d-a621-80362a23450d">
    </UnitTestResult>
    <UnitTestResult executionId="c46704a6-7a40-4669-90b8-018cbb1e9b2d" testId="b57e08db-af27-e035-f405-a5594770d231" testName="Test_multi_clause_where_and_where_not" computerName="STEVEN-PC" duration="00:00:00.0005863" startTime="2012-03-27T22:34:19.2587672-04:00" endTime="2012-03-27T22:34:19.2587672-04:00" testType="13cdc9d9-ddb5-4fa4-a97d-d965ccfc6d4b" outcome="Passed" testListId="8c84fa94-04c1-424b-9868-57a2d4851a1d" relativeResultsDirectory="c46704a6-7a40-4669-90b8-018cbb1e9b2d">
    </UnitTestResult>
    <UnitTestResult executionId="5f797790-fbed-4639-8042-55ad36e200e8" testId="0d67a389-f27a-5927-df7c-deaa56a2ac23" testName="Test_orderby" computerName="STEVEN-PC" duration="00:00:00.0026249" startTime="2012-03-27T22:34:19.3055672-04:00" endTime="2012-03-27T22:34:19.3055672-04:00" testType="13cdc9d9-ddb5-4fa4-a97d-d965ccfc6d4b" outcome="Passed" testListId="8c84fa94-04c1-424b-9868-57a2d4851a1d" relativeResultsDirectory="5f797790-fbed-4639-8042-55ad36e200e8">
    </UnitTestResult>
    <UnitTestResult executionId="a4ef38d4-ccef-4ebe-a7df-585334fab153" testId="c951cc96-fab2-20b5-116b-f8b36cf91c10" testName="Test_multi_clause_orderby" computerName="STEVEN-PC" duration="00:00:00.0015784" startTime="2012-03-27T22:34:19.3055672-04:00" endTime="2012-03-27T22:34:19.3367673-04:00" testType="13cdc9d9-ddb5-4fa4-a97d-d965ccfc6d4b" outcome="Passed" testListId="8c84fa94-04c1-424b-9868-57a2d4851a1d" relativeResultsDirectory="a4ef38d4-ccef-4ebe-a7df-585334fab153">
    </UnitTestResult>
    <UnitTestResult executionId="3d4d688e-5719-4573-86a4-a7b65c10bd9d" testId="ec9a58f6-675c-e225-4fe5-716d9377a0a3" testName="Test_single" computerName="STEVEN-PC" duration="00:00:13.9230258" startTime="2012-03-27T22:34:19.3367673-04:00" endTime="2012-03-27T22:34:33.2675918-04:00" testType="13cdc9d9-ddb5-4fa4-a97d-d965ccfc6d4b" outcome="Passed" testListId="8c84fa94-04c1-424b-9868-57a2d4851a1d" relativeResultsDirectory="3d4d688e-5719-4573-86a4-a7b65c10bd9d">
    </UnitTestResult>
    <UnitTestResult executionId="426eeccc-075a-48a7-ae02-630c60b20723" testId="8bab2567-7cbc-0ab9-1b8e-7f96790444c6" testName="Test_enumerator" computerName="STEVEN-PC" duration="00:00:00.0907308" startTime="2012-03-27T22:34:33.2675918-04:00" endTime="2012-03-27T22:34:33.3767920-04:00" testType="13cdc9d9-ddb5-4fa4-a97d-d965ccfc6d4b" outcome="Passed" testListId="8c84fa94-04c1-424b-9868-57a2d4851a1d" relativeResultsDirectory="426eeccc-075a-48a7-ae02-630c60b20723">
    </UnitTestResult>
    <UnitTestResult executionId="a1afc8ac-2b08-4cf1-928f-d2f43f6dd4cf" testId="60b0cf60-fe03-004c-4bfa-4785b16f1dce" testName="Test_where_and" computerName="STEVEN-PC" duration="00:00:00.0021079" startTime="2012-03-27T22:34:33.3767920-04:00" endTime="2012-03-27T22:34:33.3923920-04:00" testType="13cdc9d9-ddb5-4fa4-a97d-d965ccfc6d4b" outcome="Passed" testListId="8c84fa94-04c1-424b-9868-57a2d4851a1d" relativeResultsDirectory="a1afc8ac-2b08-4cf1-928f-d2f43f6dd4cf">
    </UnitTestResult>
    <UnitTestResult executionId="f1cf9ceb-5a58-4b9d-8100-9963686f2c16" testId="4a258fa4-e5be-4f7a-e3e4-e1dc90744510" testName="Test_bool_where" computerName="STEVEN-PC" duration="00:00:00.0004181" startTime="2012-03-27T22:34:33.3923920-04:00" endTime="2012-03-27T22:34:33.3923920-04:00" testType="13cdc9d9-ddb5-4fa4-a97d-d965ccfc6d4b" outcome="Passed" testListId="8c84fa94-04c1-424b-9868-57a2d4851a1d" relativeResultsDirectory="f1cf9ceb-5a58-4b9d-8100-9963686f2c16">
    </UnitTestResult>
    <UnitTestResult executionId="67824083-51b8-489d-b363-d4f01b0cd5a3" testId="6ba02aa5-1bfb-ebcb-b41c-615999aa8334" testName="Test_toList" computerName="STEVEN-PC" duration="00:00:00.0844724" startTime="2012-03-27T22:34:33.4079920-04:00" endTime="2012-03-27T22:34:33.5015922-04:00" testType="13cdc9d9-ddb5-4fa4-a97d-d965ccfc6d4b" outcome="Passed" testListId="8c84fa94-04c1-424b-9868-57a2d4851a1d" relativeResultsDirectory="67824083-51b8-489d-b363-d4f01b0cd5a3">
    </UnitTestResult>
    <UnitTestResult executionId="1fc04b73-4801-4c1c-8053-1686f12990b4" testId="c9354350-cbda-a1f1-e280-b767455dde09" testName="Test_products_in_store_by_id" computerName="STEVEN-PC" duration="00:00:10.5924186" startTime="2012-03-27T22:34:33.5015922-04:00" endTime="2012-03-27T22:34:44.0940108-04:00" testType="13cdc9d9-ddb5-4fa4-a97d-d965ccfc6d4b" outcome="Aborted" testListId="8c84fa94-04c1-424b-9868-57a2d4851a1d" relativeResultsDirectory="1fc04b73-4801-4c1c-8053-1686f12990b4">
    </UnitTestResult>
    <UnitTestResult executionId="8fdd5c33-fa1a-410f-b537-4e4da5b7e754" testId="e2f6ed2b-f024-54cb-80b7-ad507738c243" testName="Test_products_in_store_lazy_loaded" computerName="STEVEN-PC" testType="13cdc9d9-ddb5-4fa4-a97d-d965ccfc6d4b" outcome="NotExecuted" testListId="8c84fa94-04c1-424b-9868-57a2d4851a1d" relativeResultsDirectory="8fdd5c33-fa1a-410f-b537-4e4da5b7e754">
    </UnitTestResult>
    <UnitTestResult executionId="13cce000-dd58-484e-b1b0-a563f62a3a1f" testId="81800161-52ee-707e-8522-02ae1672866e" testName="Test_products_in_store_with_where" computerName="STEVEN-PC" testType="13cdc9d9-ddb5-4fa4-a97d-d965ccfc6d4b" outcome="NotExecuted" testListId="8c84fa94-04c1-424b-9868-57a2d4851a1d" relativeResultsDirectory="13cce000-dd58-484e-b1b0-a563f62a3a1f">
    </UnitTestResult>
    <UnitTestResult executionId="677b2a2d-5cb0-4a49-9539-b76ba3d39da1" testId="4789e52f-0940-a3c8-fe6a-e13b73623977" testName="Test_where_and_orderby" computerName="STEVEN-PC" testType="13cdc9d9-ddb5-4fa4-a97d-d965ccfc6d4b" outcome="NotExecuted" testListId="8c84fa94-04c1-424b-9868-57a2d4851a1d" relativeResultsDirectory="677b2a2d-5cb0-4a49-9539-b76ba3d39da1">
    </UnitTestResult>
    <UnitTestResult executionId="ccce328e-e5e9-4546-9a18-15e6448e8a16" testId="71326b83-217a-3999-c98f-d98f8093dd74" testName="Test_take" computerName="STEVEN-PC" testType="13cdc9d9-ddb5-4fa4-a97d-d965ccfc6d4b" outcome="NotExecuted" testListId="8c84fa94-04c1-424b-9868-57a2d4851a1d" relativeResultsDirectory="ccce328e-e5e9-4546-9a18-15e6448e8a16">
    </UnitTestResult>
    <UnitTestResult executionId="df51afc2-4cca-48d0-9d46-ee77e1cc56bf" testId="698a4013-3243-f2c9-ad1a-f5a3b3e0436d" testName="Test_skip" computerName="STEVEN-PC" testType="13cdc9d9-ddb5-4fa4-a97d-d965ccfc6d4b" outcome="NotExecuted" testListId="8c84fa94-04c1-424b-9868-57a2d4851a1d" relativeResultsDirectory="df51afc2-4cca-48d0-9d46-ee77e1cc56bf">
    </UnitTestResult>
    <UnitTestResult executionId="f208946d-d463-4de8-b169-a413a5c7c923" testId="b3d263e1-3345-99ad-b04d-44df64ff509a" testName="Test_take_and_skip" computerName="STEVEN-PC" testType="13cdc9d9-ddb5-4fa4-a97d-d965ccfc6d4b" outcome="NotExecuted" testListId="8c84fa94-04c1-424b-9868-57a2d4851a1d" relativeResultsDirectory="f208946d-d463-4de8-b169-a413a5c7c923">
    </UnitTestResult>
    <UnitTestResult executionId="f129a900-b5b0-4f12-b788-3be6f5cba57c" testId="b366df67-fbbf-42de-4bd5-7bf833b872da" testName="Test_stores_signle" computerName="STEVEN-PC" testType="13cdc9d9-ddb5-4fa4-a97d-d965ccfc6d4b" outcome="NotExecuted" testListId="8c84fa94-04c1-424b-9868-57a2d4851a1d" relativeResultsDirectory="f129a900-b5b0-4f12-b788-3be6f5cba57c">
    </UnitTestResult>
  </Results>
</TestRun>