<?xml version="1.0" encoding="UTF-8"?>
<TestRun id="95e01724-2c2b-4434-a865-da746aacf35c" name="Steven@STEVEN-PC 2012-03-26 23:17:42" runUser="Steven-PC\Steven" xmlns="http://microsoft.com/schemas/VisualStudio/TeamTest/2010">
  <TestSettings name="Local" id="9a3cc359-a60d-41bb-8c84-7024cd7e5428">
    <Description>These are default test settings for a local test run.</Description>
    <Deployment enabled="false" runDeploymentRoot="Steven_STEVEN-PC 2012-03-26 23_17_42">
      <DeploymentItem filename="C:\Users\Steven\Documents\Visual Studio 2010\Projects\LinqToLcbo\LinqToLcbo\bin\Debug\LinqToLcbo.dll" />
    </Deployment>
    <Execution>
      <TestTypeSpecific />
      <AgentRule name="Execution Agents">
      </AgentRule>
    </Execution>
  </TestSettings>
  <Times creation="2012-03-26T23:17:42.6770384-04:00" queuing="2012-03-26T23:17:43.5350875-04:00" start="2012-03-26T23:17:43.6442877-04:00" finish="2012-03-26T23:17:50.3430062-04:00" />
  <ResultSummary outcome="Error">
    <Counters total="23" executed="5" passed="4" error="0" failed="0" timeout="0" aborted="1" inconclusive="0" passedButRunAborted="0" notRunnable="0" notExecuted="18" disconnected="0" warning="0" completed="0" inProgress="0" pending="0" />
    <RunInfos>
      <RunInfo computerName="STEVEN-PC" outcome="Error" timestamp="2012-03-26T23:17:50.3430062-04:00">
        <Text>Test host process exited unexpectedly.</Text>
      </RunInfo>
    </RunInfos>
  </ResultSummary>
  <TestDefinitions>
    <UnitTest name="Test_where_and" storage="c:\users\steven\documents\visual studio 2010\projects\linqtolcbo\linqtolcbotests\bin\debug\linqtolcbotests.dll" id="60b0cf60-fe03-004c-4bfa-4785b16f1dce">
      <Execution id="2bb7e7a1-eee5-49ca-be2e-434570776ad3" />
      <TestMethod codeBase="C:/Users/Steven/Documents/Visual Studio 2010/Projects/LinqToLcbo/LinqToLcboTests/bin/Debug/LinqToLcboTests.DLL" adapterTypeName="Microsoft.VisualStudio.TestTools.TestTypes.Unit.UnitTestAdapter, Microsoft.VisualStudio.QualityTools.Tips.UnitTest.Adapter, Version=10.0.0.0, Culture=neutral, PublicKeyToken=b03f5f7f11d50a3a" className="LinqToLcboTests.ProductTest, LinqToLcboTests, Version=1.0.0.0, Culture=neutral, PublicKeyToken=null" name="Test_where_and" />
    </UnitTest>
    <UnitTest name="Test_multi_clause_where_and_where_not" storage="c:\users\steven\documents\visual studio 2010\projects\linqtolcbo\linqtolcbotests\bin\debug\linqtolcbotests.dll" id="b57e08db-af27-e035-f405-a5594770d231">
      <Execution id="ef9a89a7-eb66-4209-bd51-fb39eb62d296" />
      <TestMethod codeBase="C:/Users/Steven/Documents/Visual Studio 2010/Projects/LinqToLcbo/LinqToLcboTests/bin/Debug/LinqToLcboTests.DLL" adapterTypeName="Microsoft.VisualStudio.TestTools.TestTypes.Unit.UnitTestAdapter, Microsoft.VisualStudio.QualityTools.Tips.UnitTest.Adapter, Version=10.0.0.0, Culture=neutral, PublicKeyToken=b03f5f7f11d50a3a" className="LinqToLcboTests.ProductTest, LinqToLcboTests, Version=1.0.0.0, Culture=neutral, PublicKeyToken=null" name="Test_multi_clause_where_and_where_not" />
    </UnitTest>
    <UnitTest name="Test_toList" storage="c:\users\steven\documents\visual studio 2010\projects\linqtolcbo\linqtolcbotests\bin\debug\linqtolcbotests.dll" id="6ba02aa5-1bfb-ebcb-b41c-615999aa8334">
      <Execution id="575a6d44-0de9-4296-9197-be4102184587" />
      <TestMethod codeBase="C:/Users/Steven/Documents/Visual Studio 2010/Projects/LinqToLcbo/LinqToLcboTests/bin/Debug/LinqToLcboTests.DLL" adapterTypeName="Microsoft.VisualStudio.TestTools.TestTypes.Unit.UnitTestAdapter, Microsoft.VisualStudio.QualityTools.Tips.UnitTest.Adapter, Version=10.0.0.0, Culture=neutral, PublicKeyToken=b03f5f7f11d50a3a" className="LinqToLcboTests.ProductTest, LinqToLcboTests, Version=1.0.0.0, Culture=neutral, PublicKeyToken=null" name="Test_toList" />
    </UnitTest>
    <UnitTest name="Test_where_and_orderby" storage="c:\users\steven\documents\visual studio 2010\projects\linqtolcbo\linqtolcbotests\bin\debug\linqtolcbotests.dll" id="4789e52f-0940-a3c8-fe6a-e13b73623977">
      <Execution id="c7efc67d-3290-4e1d-b041-8300f2bb89e1" />
      <TestMethod codeBase="C:/Users/Steven/Documents/Visual Studio 2010/Projects/LinqToLcbo/LinqToLcboTests/bin/Debug/LinqToLcboTests.DLL" adapterTypeName="Microsoft.VisualStudio.TestTools.TestTypes.Unit.UnitTestAdapter, Microsoft.VisualStudio.QualityTools.Tips.UnitTest.Adapter, Version=10.0.0.0, Culture=neutral, PublicKeyToken=b03f5f7f11d50a3a" className="LinqToLcboTests.ProductTest, LinqToLcboTests, Version=1.0.0.0, Culture=neutral, PublicKeyToken=null" name="Test_where_and_orderby" />
    </UnitTest>
    <UnitTest name="Test_bool_where" storage="c:\users\steven\documents\visual studio 2010\projects\linqtolcbo\linqtolcbotests\bin\debug\linqtolcbotests.dll" id="4a258fa4-e5be-4f7a-e3e4-e1dc90744510">
      <Execution id="4cd5450d-3dfc-43ce-8bcb-f6a3dbba6ada" />
      <TestMethod codeBase="C:/Users/Steven/Documents/Visual Studio 2010/Projects/LinqToLcbo/LinqToLcboTests/bin/Debug/LinqToLcboTests.DLL" adapterTypeName="Microsoft.VisualStudio.TestTools.TestTypes.Unit.UnitTestAdapter, Microsoft.VisualStudio.QualityTools.Tips.UnitTest.Adapter, Version=10.0.0.0, Culture=neutral, PublicKeyToken=b03f5f7f11d50a3a" className="LinqToLcboTests.ProductTest, LinqToLcboTests, Version=1.0.0.0, Culture=neutral, PublicKeyToken=null" name="Test_bool_where" />
    </UnitTest>
    <UnitTest name="Test_stores_geo" storage="c:\users\steven\documents\visual studio 2010\projects\linqtolcbo\linqtolcbotests\bin\debug\linqtolcbotests.dll" id="b4e8e3a3-b297-7283-08b2-965d1e44cae4">
      <Execution id="cf0e2fa7-2a0c-4ae6-b9ae-c50e4dc90abd" />
      <TestMethod codeBase="C:/Users/Steven/Documents/Visual Studio 2010/Projects/LinqToLcbo/LinqToLcboTests/bin/Debug/LinqToLcboTests.DLL" adapterTypeName="Microsoft.VisualStudio.TestTools.TestTypes.Unit.UnitTestAdapter, Microsoft.VisualStudio.QualityTools.Tips.UnitTest.Adapter, Version=10.0.0.0, Culture=neutral, PublicKeyToken=b03f5f7f11d50a3a" className="LinqToLcboTests.StoreTest, LinqToLcboTests, Version=1.0.0.0, Culture=neutral, PublicKeyToken=null" name="Test_stores_geo" />
    </UnitTest>
    <UnitTest name="Test_multi_clause_orderby" storage="c:\users\steven\documents\visual studio 2010\projects\linqtolcbo\linqtolcbotests\bin\debug\linqtolcbotests.dll" id="c951cc96-fab2-20b5-116b-f8b36cf91c10">
      <Execution id="90fea550-36cc-4ef1-a070-d90f7688ecb5" />
      <TestMethod codeBase="C:/Users/Steven/Documents/Visual Studio 2010/Projects/LinqToLcbo/LinqToLcboTests/bin/Debug/LinqToLcboTests.DLL" adapterTypeName="Microsoft.VisualStudio.TestTools.TestTypes.Unit.UnitTestAdapter, Microsoft.VisualStudio.QualityTools.Tips.UnitTest.Adapter, Version=10.0.0.0, Culture=neutral, PublicKeyToken=b03f5f7f11d50a3a" className="LinqToLcboTests.ProductTest, LinqToLcboTests, Version=1.0.0.0, Culture=neutral, PublicKeyToken=null" name="Test_multi_clause_orderby" />
    </UnitTest>
    <UnitTest name="Test_products_in_store_by_id" storage="c:\users\steven\documents\visual studio 2010\projects\linqtolcbo\linqtolcbotests\bin\debug\linqtolcbotests.dll" id="c9354350-cbda-a1f1-e280-b767455dde09">
      <Execution id="2d16c1b7-99a2-4ffd-b4cc-b86239931b47" />
      <TestMethod codeBase="C:/Users/Steven/Documents/Visual Studio 2010/Projects/LinqToLcbo/LinqToLcboTests/bin/Debug/LinqToLcboTests.DLL" adapterTypeName="Microsoft.VisualStudio.TestTools.TestTypes.Unit.UnitTestAdapter, Microsoft.VisualStudio.QualityTools.Tips.UnitTest.Adapter, Version=10.0.0.0, Culture=neutral, PublicKeyToken=b03f5f7f11d50a3a" className="LinqToLcboTests.ProductTest, LinqToLcboTests, Version=1.0.0.0, Culture=neutral, PublicKeyToken=null" name="Test_products_in_store_by_id" />
    </UnitTest>
    <UnitTest name="Test_skip" storage="c:\users\steven\documents\visual studio 2010\projects\linqtolcbo\linqtolcbotests\bin\debug\linqtolcbotests.dll" id="698a4013-3243-f2c9-ad1a-f5a3b3e0436d">
      <Execution id="2663b55b-ec81-428a-931f-0ce7bf6595a3" />
      <TestMethod codeBase="C:/Users/Steven/Documents/Visual Studio 2010/Projects/LinqToLcbo/LinqToLcboTests/bin/Debug/LinqToLcboTests.DLL" adapterTypeName="Microsoft.VisualStudio.TestTools.TestTypes.Unit.UnitTestAdapter, Microsoft.VisualStudio.QualityTools.Tips.UnitTest.Adapter, Version=10.0.0.0, Culture=neutral, PublicKeyToken=b03f5f7f11d50a3a" className="LinqToLcboTests.ProductTest, LinqToLcboTests, Version=1.0.0.0, Culture=neutral, PublicKeyToken=null" name="Test_skip" />
    </UnitTest>
    <UnitTest name="Test_enumerator" storage="c:\users\steven\documents\visual studio 2010\projects\linqtolcbo\linqtolcbotests\bin\debug\linqtolcbotests.dll" id="8bab2567-7cbc-0ab9-1b8e-7f96790444c6">
      <Execution id="7e8bd7c2-8312-4468-8240-776d0bddc3cc" />
      <TestMethod codeBase="C:/Users/Steven/Documents/Visual Studio 2010/Projects/LinqToLcbo/LinqToLcboTests/bin/Debug/LinqToLcboTests.DLL" adapterTypeName="Microsoft.VisualStudio.TestTools.TestTypes.Unit.UnitTestAdapter, Microsoft.VisualStudio.QualityTools.Tips.UnitTest.Adapter, Version=10.0.0.0, Culture=neutral, PublicKeyToken=b03f5f7f11d50a3a" className="LinqToLcboTests.ProductTest, LinqToLcboTests, Version=1.0.0.0, Culture=neutral, PublicKeyToken=null" name="Test_enumerator" />
    </UnitTest>
    <UnitTest name="Test_products_in_store_with_where" storage="c:\users\steven\documents\visual studio 2010\projects\linqtolcbo\linqtolcbotests\bin\debug\linqtolcbotests.dll" id="81800161-52ee-707e-8522-02ae1672866e">
      <Execution id="10828345-7edc-4491-b399-05aaaed41a37" />
      <TestMethod codeBase="C:/Users/Steven/Documents/Visual Studio 2010/Projects/LinqToLcbo/LinqToLcboTests/bin/Debug/LinqToLcboTests.DLL" adapterTypeName="Microsoft.VisualStudio.TestTools.TestTypes.Unit.UnitTestAdapter, Microsoft.VisualStudio.QualityTools.Tips.UnitTest.Adapter, Version=10.0.0.0, Culture=neutral, PublicKeyToken=b03f5f7f11d50a3a" className="LinqToLcboTests.ProductTest, LinqToLcboTests, Version=1.0.0.0, Culture=neutral, PublicKeyToken=null" name="Test_products_in_store_with_where" />
    </UnitTest>
    <UnitTest name="Test_orderby" storage="c:\users\steven\documents\visual studio 2010\projects\linqtolcbo\linqtolcbotests\bin\debug\linqtolcbotests.dll" id="0d67a389-f27a-5927-df7c-deaa56a2ac23">
      <Execution id="9d947c74-3f1d-4765-b087-8f15ba133843" />
      <TestMethod codeBase="C:/Users/Steven/Documents/Visual Studio 2010/Projects/LinqToLcbo/LinqToLcboTests/bin/Debug/LinqToLcboTests.DLL" adapterTypeName="Microsoft.VisualStudio.TestTools.TestTypes.Unit.UnitTestAdapter, Microsoft.VisualStudio.QualityTools.Tips.UnitTest.Adapter, Version=10.0.0.0, Culture=neutral, PublicKeyToken=b03f5f7f11d50a3a" className="LinqToLcboTests.ProductTest, LinqToLcboTests, Version=1.0.0.0, Culture=neutral, PublicKeyToken=null" name="Test_orderby" />
    </UnitTest>
    <UnitTest name="Test_where" storage="c:\users\steven\documents\visual studio 2010\projects\linqtolcbo\linqtolcbotests\bin\debug\linqtolcbotests.dll" id="48be9065-54cb-9463-4db0-a28fb13c3f13">
      <Execution id="78b96ce6-0da9-4fb3-893e-52651a435bd1" />
      <TestMethod codeBase="C:/Users/Steven/Documents/Visual Studio 2010/Projects/LinqToLcbo/LinqToLcboTests/bin/Debug/LinqToLcboTests.DLL" adapterTypeName="Microsoft.VisualStudio.TestTools.TestTypes.Unit.UnitTestAdapter, Microsoft.VisualStudio.QualityTools.Tips.UnitTest.Adapter, Version=10.0.0.0, Culture=neutral, PublicKeyToken=b03f5f7f11d50a3a" className="LinqToLcboTests.ProductTest, LinqToLcboTests, Version=1.0.0.0, Culture=neutral, PublicKeyToken=null" name="Test_where" />
    </UnitTest>
    <UnitTest name="Test_stores_with_multi_where" storage="c:\users\steven\documents\visual studio 2010\projects\linqtolcbo\linqtolcbotests\bin\debug\linqtolcbotests.dll" id="bb439f9f-fec1-c8e6-de29-38825c210bee">
      <Execution id="9b4bbad9-0f9a-4307-aa25-4a30de91bc63" />
      <TestMethod codeBase="C:/Users/Steven/Documents/Visual Studio 2010/Projects/LinqToLcbo/LinqToLcboTests/bin/Debug/LinqToLcboTests.DLL" adapterTypeName="Microsoft.VisualStudio.TestTools.TestTypes.Unit.UnitTestAdapter, Microsoft.VisualStudio.QualityTools.Tips.UnitTest.Adapter, Version=10.0.0.0, Culture=neutral, PublicKeyToken=b03f5f7f11d50a3a" className="LinqToLcboTests.StoreTest, LinqToLcboTests, Version=1.0.0.0, Culture=neutral, PublicKeyToken=null" name="Test_stores_with_multi_where" />
    </UnitTest>
    <UnitTest name="Test_stores_searchQuery" storage="c:\users\steven\documents\visual studio 2010\projects\linqtolcbo\linqtolcbotests\bin\debug\linqtolcbotests.dll" id="e173aa33-7fbd-6163-2a04-a59c87c51838">
      <Execution id="95be960b-5304-4769-8237-e8dc0b03cde1" />
      <TestMethod codeBase="C:/Users/Steven/Documents/Visual Studio 2010/Projects/LinqToLcbo/LinqToLcboTests/bin/Debug/LinqToLcboTests.DLL" adapterTypeName="Microsoft.VisualStudio.TestTools.TestTypes.Unit.UnitTestAdapter, Microsoft.VisualStudio.QualityTools.Tips.UnitTest.Adapter, Version=10.0.0.0, Culture=neutral, PublicKeyToken=b03f5f7f11d50a3a" className="LinqToLcboTests.StoreTest, LinqToLcboTests, Version=1.0.0.0, Culture=neutral, PublicKeyToken=null" name="Test_stores_searchQuery" />
    </UnitTest>
    <UnitTest name="Test_take_and_skip" storage="c:\users\steven\documents\visual studio 2010\projects\linqtolcbo\linqtolcbotests\bin\debug\linqtolcbotests.dll" id="b3d263e1-3345-99ad-b04d-44df64ff509a">
      <Execution id="83508beb-e89c-4b36-b218-7edd915fd1ce" />
      <TestMethod codeBase="C:/Users/Steven/Documents/Visual Studio 2010/Projects/LinqToLcbo/LinqToLcboTests/bin/Debug/LinqToLcboTests.DLL" adapterTypeName="Microsoft.VisualStudio.TestTools.TestTypes.Unit.UnitTestAdapter, Microsoft.VisualStudio.QualityTools.Tips.UnitTest.Adapter, Version=10.0.0.0, Culture=neutral, PublicKeyToken=b03f5f7f11d50a3a" className="LinqToLcboTests.ProductTest, LinqToLcboTests, Version=1.0.0.0, Culture=neutral, PublicKeyToken=null" name="Test_take_and_skip" />
    </UnitTest>
    <UnitTest name="Test_products_in_store_lazy_loaded" storage="c:\users\steven\documents\visual studio 2010\projects\linqtolcbo\linqtolcbotests\bin\debug\linqtolcbotests.dll" id="e2f6ed2b-f024-54cb-80b7-ad507738c243">
      <Execution id="ab5ed888-4f17-48dc-9124-ef13123dde61" />
      <TestMethod codeBase="C:/Users/Steven/Documents/Visual Studio 2010/Projects/LinqToLcbo/LinqToLcboTests/bin/Debug/LinqToLcboTests.DLL" adapterTypeName="Microsoft.VisualStudio.TestTools.TestTypes.Unit.UnitTestAdapter, Microsoft.VisualStudio.QualityTools.Tips.UnitTest.Adapter, Version=10.0.0.0, Culture=neutral, PublicKeyToken=b03f5f7f11d50a3a" className="LinqToLcboTests.ProductTest, LinqToLcboTests, Version=1.0.0.0, Culture=neutral, PublicKeyToken=null" name="Test_products_in_store_lazy_loaded" />
    </UnitTest>
    <UnitTest name="Test_single" storage="c:\users\steven\documents\visual studio 2010\projects\linqtolcbo\linqtolcbotests\bin\debug\linqtolcbotests.dll" id="ec9a58f6-675c-e225-4fe5-716d9377a0a3">
      <Execution id="21fa097f-0272-4f69-b3cd-3d80c7843449" />
      <TestMethod codeBase="C:/Users/Steven/Documents/Visual Studio 2010/Projects/LinqToLcbo/LinqToLcboTests/bin/Debug/LinqToLcboTests.DLL" adapterTypeName="Microsoft.VisualStudio.TestTools.TestTypes.Unit.UnitTestAdapter, Microsoft.VisualStudio.QualityTools.Tips.UnitTest.Adapter, Version=10.0.0.0, Culture=neutral, PublicKeyToken=b03f5f7f11d50a3a" className="LinqToLcboTests.ProductTest, LinqToLcboTests, Version=1.0.0.0, Culture=neutral, PublicKeyToken=null" name="Test_single" />
    </UnitTest>
    <UnitTest name="Test_multi_clause_where" storage="c:\users\steven\documents\visual studio 2010\projects\linqtolcbo\linqtolcbotests\bin\debug\linqtolcbotests.dll" id="a7b1c2c3-270d-28e1-4f96-d6cdab3fb0cb">
      <Execution id="8349529b-b557-4817-a2ae-38b4241b0c01" />
      <TestMethod codeBase="C:/Users/Steven/Documents/Visual Studio 2010/Projects/LinqToLcbo/LinqToLcboTests/bin/Debug/LinqToLcboTests.DLL" adapterTypeName="Microsoft.VisualStudio.TestTools.TestTypes.Unit.UnitTestAdapter, Microsoft.VisualStudio.QualityTools.Tips.UnitTest.Adapter, Version=10.0.0.0, Culture=neutral, PublicKeyToken=b03f5f7f11d50a3a" className="LinqToLcboTests.ProductTest, LinqToLcboTests, Version=1.0.0.0, Culture=neutral, PublicKeyToken=null" name="Test_multi_clause_where" />
    </UnitTest>
    <UnitTest name="Test_take" storage="c:\users\steven\documents\visual studio 2010\projects\linqtolcbo\linqtolcbotests\bin\debug\linqtolcbotests.dll" id="71326b83-217a-3999-c98f-d98f8093dd74">
      <Execution id="d2e92d13-426e-4270-910a-783cf27d9a25" />
      <TestMethod codeBase="C:/Users/Steven/Documents/Visual Studio 2010/Projects/LinqToLcbo/LinqToLcboTests/bin/Debug/LinqToLcboTests.DLL" adapterTypeName="Microsoft.VisualStudio.TestTools.TestTypes.Unit.UnitTestAdapter, Microsoft.VisualStudio.QualityTools.Tips.UnitTest.Adapter, Version=10.0.0.0, Culture=neutral, PublicKeyToken=b03f5f7f11d50a3a" className="LinqToLcboTests.ProductTest, LinqToLcboTests, Version=1.0.0.0, Culture=neutral, PublicKeyToken=null" name="Test_take" />
    </UnitTest>
    <UnitTest name="Test_stores_with_product" storage="c:\users\steven\documents\visual studio 2010\projects\linqtolcbo\linqtolcbotests\bin\debug\linqtolcbotests.dll" id="fdf8930d-32cc-6043-e5e7-a8a1cf1cdf45">
      <Execution id="f536578f-b9e8-446c-8d57-88430dbc8e1a" />
      <TestMethod codeBase="C:/Users/Steven/Documents/Visual Studio 2010/Projects/LinqToLcbo/LinqToLcboTests/bin/Debug/LinqToLcboTests.DLL" adapterTypeName="Microsoft.VisualStudio.TestTools.TestTypes.Unit.UnitTestAdapter, Microsoft.VisualStudio.QualityTools.Tips.UnitTest.Adapter, Version=10.0.0.0, Culture=neutral, PublicKeyToken=b03f5f7f11d50a3a" className="LinqToLcboTests.StoreTest, LinqToLcboTests, Version=1.0.0.0, Culture=neutral, PublicKeyToken=null" name="Test_stores_with_product" />
    </UnitTest>
    <UnitTest name="Test_where_not" storage="c:\users\steven\documents\visual studio 2010\projects\linqtolcbo\linqtolcbotests\bin\debug\linqtolcbotests.dll" id="307ba5ae-4047-4671-a0ae-59b923691649">
      <Execution id="d9132c3f-7f6c-421d-bea6-da036ef72c5f" />
      <TestMethod codeBase="C:/Users/Steven/Documents/Visual Studio 2010/Projects/LinqToLcbo/LinqToLcboTests/bin/Debug/LinqToLcboTests.DLL" adapterTypeName="Microsoft.VisualStudio.TestTools.TestTypes.Unit.UnitTestAdapter, Microsoft.VisualStudio.QualityTools.Tips.UnitTest.Adapter, Version=10.0.0.0, Culture=neutral, PublicKeyToken=b03f5f7f11d50a3a" className="LinqToLcboTests.ProductTest, LinqToLcboTests, Version=1.0.0.0, Culture=neutral, PublicKeyToken=null" name="Test_where_not" />
    </UnitTest>
    <UnitTest name="Test_stores_signle" storage="c:\users\steven\documents\visual studio 2010\projects\linqtolcbo\linqtolcbotests\bin\debug\linqtolcbotests.dll" id="b366df67-fbbf-42de-4bd5-7bf833b872da">
      <Execution id="9c6cd0b9-0296-4ad0-aadd-63e2c8afea3f" />
      <TestMethod codeBase="C:/Users/Steven/Documents/Visual Studio 2010/Projects/LinqToLcbo/LinqToLcboTests/bin/Debug/LinqToLcboTests.DLL" adapterTypeName="Microsoft.VisualStudio.TestTools.TestTypes.Unit.UnitTestAdapter, Microsoft.VisualStudio.QualityTools.Tips.UnitTest.Adapter, Version=10.0.0.0, Culture=neutral, PublicKeyToken=b03f5f7f11d50a3a" className="LinqToLcboTests.StoreTest, LinqToLcboTests, Version=1.0.0.0, Culture=neutral, PublicKeyToken=null" name="Test_stores_signle" />
    </UnitTest>
  </TestDefinitions>
  <TestLists>
    <TestList name="Results Not in a List" id="8c84fa94-04c1-424b-9868-57a2d4851a1d" />
    <TestList name="All Loaded Results" id="19431567-8539-422a-85d7-44ee4e166bda" />
  </TestLists>
  <TestEntries>
    <TestEntry testId="e173aa33-7fbd-6163-2a04-a59c87c51838" executionId="95be960b-5304-4769-8237-e8dc0b03cde1" testListId="8c84fa94-04c1-424b-9868-57a2d4851a1d" />
    <TestEntry testId="b4e8e3a3-b297-7283-08b2-965d1e44cae4" executionId="cf0e2fa7-2a0c-4ae6-b9ae-c50e4dc90abd" testListId="8c84fa94-04c1-424b-9868-57a2d4851a1d" />
    <TestEntry testId="bb439f9f-fec1-c8e6-de29-38825c210bee" executionId="9b4bbad9-0f9a-4307-aa25-4a30de91bc63" testListId="8c84fa94-04c1-424b-9868-57a2d4851a1d" />
    <TestEntry testId="fdf8930d-32cc-6043-e5e7-a8a1cf1cdf45" executionId="f536578f-b9e8-446c-8d57-88430dbc8e1a" testListId="8c84fa94-04c1-424b-9868-57a2d4851a1d" />
    <TestEntry testId="b366df67-fbbf-42de-4bd5-7bf833b872da" executionId="9c6cd0b9-0296-4ad0-aadd-63e2c8afea3f" testListId="8c84fa94-04c1-424b-9868-57a2d4851a1d" />
    <TestEntry testId="48be9065-54cb-9463-4db0-a28fb13c3f13" executionId="78b96ce6-0da9-4fb3-893e-52651a435bd1" testListId="8c84fa94-04c1-424b-9868-57a2d4851a1d" />
    <TestEntry testId="307ba5ae-4047-4671-a0ae-59b923691649" executionId="d9132c3f-7f6c-421d-bea6-da036ef72c5f" testListId="8c84fa94-04c1-424b-9868-57a2d4851a1d" />
    <TestEntry testId="a7b1c2c3-270d-28e1-4f96-d6cdab3fb0cb" executionId="8349529b-b557-4817-a2ae-38b4241b0c01" testListId="8c84fa94-04c1-424b-9868-57a2d4851a1d" />
    <TestEntry testId="b57e08db-af27-e035-f405-a5594770d231" executionId="ef9a89a7-eb66-4209-bd51-fb39eb62d296" testListId="8c84fa94-04c1-424b-9868-57a2d4851a1d" />
    <TestEntry testId="0d67a389-f27a-5927-df7c-deaa56a2ac23" executionId="9d947c74-3f1d-4765-b087-8f15ba133843" testListId="8c84fa94-04c1-424b-9868-57a2d4851a1d" />
    <TestEntry testId="c951cc96-fab2-20b5-116b-f8b36cf91c10" executionId="90fea550-36cc-4ef1-a070-d90f7688ecb5" testListId="8c84fa94-04c1-424b-9868-57a2d4851a1d" />
    <TestEntry testId="ec9a58f6-675c-e225-4fe5-716d9377a0a3" executionId="21fa097f-0272-4f69-b3cd-3d80c7843449" testListId="8c84fa94-04c1-424b-9868-57a2d4851a1d" />
    <TestEntry testId="8bab2567-7cbc-0ab9-1b8e-7f96790444c6" executionId="7e8bd7c2-8312-4468-8240-776d0bddc3cc" testListId="8c84fa94-04c1-424b-9868-57a2d4851a1d" />
    <TestEntry testId="60b0cf60-fe03-004c-4bfa-4785b16f1dce" executionId="2bb7e7a1-eee5-49ca-be2e-434570776ad3" testListId="8c84fa94-04c1-424b-9868-57a2d4851a1d" />
    <TestEntry testId="4a258fa4-e5be-4f7a-e3e4-e1dc90744510" executionId="4cd5450d-3dfc-43ce-8bcb-f6a3dbba6ada" testListId="8c84fa94-04c1-424b-9868-57a2d4851a1d" />
    <TestEntry testId="6ba02aa5-1bfb-ebcb-b41c-615999aa8334" executionId="575a6d44-0de9-4296-9197-be4102184587" testListId="8c84fa94-04c1-424b-9868-57a2d4851a1d" />
    <TestEntry testId="c9354350-cbda-a1f1-e280-b767455dde09" executionId="2d16c1b7-99a2-4ffd-b4cc-b86239931b47" testListId="8c84fa94-04c1-424b-9868-57a2d4851a1d" />
    <TestEntry testId="e2f6ed2b-f024-54cb-80b7-ad507738c243" executionId="ab5ed888-4f17-48dc-9124-ef13123dde61" testListId="8c84fa94-04c1-424b-9868-57a2d4851a1d" />
    <TestEntry testId="81800161-52ee-707e-8522-02ae1672866e" executionId="10828345-7edc-4491-b399-05aaaed41a37" testListId="8c84fa94-04c1-424b-9868-57a2d4851a1d" />
    <TestEntry testId="4789e52f-0940-a3c8-fe6a-e13b73623977" executionId="c7efc67d-3290-4e1d-b041-8300f2bb89e1" testListId="8c84fa94-04c1-424b-9868-57a2d4851a1d" />
    <TestEntry testId="71326b83-217a-3999-c98f-d98f8093dd74" executionId="d2e92d13-426e-4270-910a-783cf27d9a25" testListId="8c84fa94-04c1-424b-9868-57a2d4851a1d" />
    <TestEntry testId="698a4013-3243-f2c9-ad1a-f5a3b3e0436d" executionId="2663b55b-ec81-428a-931f-0ce7bf6595a3" testListId="8c84fa94-04c1-424b-9868-57a2d4851a1d" />
    <TestEntry testId="b3d263e1-3345-99ad-b04d-44df64ff509a" executionId="83508beb-e89c-4b36-b218-7edd915fd1ce" testListId="8c84fa94-04c1-424b-9868-57a2d4851a1d" />
  </TestEntries>
  <Results>
    <UnitTestResult executionId="95be960b-5304-4769-8237-e8dc0b03cde1" testId="e173aa33-7fbd-6163-2a04-a59c87c51838" testName="Test_stores_searchQuery" computerName="STEVEN-PC" duration="00:00:00.0141149" startTime="2012-03-26T23:17:43.7534879-04:00" endTime="2012-03-26T23:17:44.3462889-04:00" testType="13cdc9d9-ddb5-4fa4-a97d-d965ccfc6d4b" outcome="Passed" testListId="8c84fa94-04c1-424b-9868-57a2d4851a1d" relativeResultsDirectory="95be960b-5304-4769-8237-e8dc0b03cde1">
    </UnitTestResult>
    <UnitTestResult executionId="cf0e2fa7-2a0c-4ae6-b9ae-c50e4dc90abd" testId="b4e8e3a3-b297-7283-08b2-965d1e44cae4" testName="Test_stores_geo" computerName="STEVEN-PC" duration="00:00:00.0005294" startTime="2012-03-26T23:17:44.3618890-04:00" endTime="2012-03-26T23:17:44.3618890-04:00" testType="13cdc9d9-ddb5-4fa4-a97d-d965ccfc6d4b" outcome="Passed" testListId="8c84fa94-04c1-424b-9868-57a2d4851a1d" relativeResultsDirectory="cf0e2fa7-2a0c-4ae6-b9ae-c50e4dc90abd">
    </UnitTestResult>
    <UnitTestResult executionId="9b4bbad9-0f9a-4307-aa25-4a30de91bc63" testId="bb439f9f-fec1-c8e6-de29-38825c210bee" testName="Test_stores_with_multi_where" computerName="STEVEN-PC" duration="00:00:00.0080736" startTime="2012-03-26T23:17:44.3774890-04:00" endTime="2012-03-26T23:17:44.3774890-04:00" testType="13cdc9d9-ddb5-4fa4-a97d-d965ccfc6d4b" outcome="Passed" testListId="8c84fa94-04c1-424b-9868-57a2d4851a1d" relativeResultsDirectory="9b4bbad9-0f9a-4307-aa25-4a30de91bc63">
    </UnitTestResult>
    <UnitTestResult executionId="f536578f-b9e8-446c-8d57-88430dbc8e1a" testId="fdf8930d-32cc-6043-e5e7-a8a1cf1cdf45" testName="Test_stores_with_product" computerName="STEVEN-PC" duration="00:00:00.0008800" startTime="2012-03-26T23:17:44.3930890-04:00" endTime="2012-03-26T23:17:44.3930890-04:00" testType="13cdc9d9-ddb5-4fa4-a97d-d965ccfc6d4b" outcome="Passed" testListId="8c84fa94-04c1-424b-9868-57a2d4851a1d" relativeResultsDirectory="f536578f-b9e8-446c-8d57-88430dbc8e1a">
    </UnitTestResult>
    <UnitTestResult executionId="9c6cd0b9-0296-4ad0-aadd-63e2c8afea3f" testId="b366df67-fbbf-42de-4bd5-7bf833b872da" testName="Test_stores_signle" computerName="STEVEN-PC" duration="00:00:05.9499172" startTime="2012-03-26T23:17:44.3930890-04:00" endTime="2012-03-26T23:17:50.3430062-04:00" testType="13cdc9d9-ddb5-4fa4-a97d-d965ccfc6d4b" outcome="Aborted" testListId="8c84fa94-04c1-424b-9868-57a2d4851a1d" relativeResultsDirectory="9c6cd0b9-0296-4ad0-aadd-63e2c8afea3f">
    </UnitTestResult>
    <UnitTestResult executionId="78b96ce6-0da9-4fb3-893e-52651a435bd1" testId="48be9065-54cb-9463-4db0-a28fb13c3f13" testName="Test_where" computerName="STEVEN-PC" testType="13cdc9d9-ddb5-4fa4-a97d-d965ccfc6d4b" outcome="NotExecuted" testListId="8c84fa94-04c1-424b-9868-57a2d4851a1d" relativeResultsDirectory="78b96ce6-0da9-4fb3-893e-52651a435bd1">
    </UnitTestResult>
    <UnitTestResult executionId="d9132c3f-7f6c-421d-bea6-da036ef72c5f" testId="307ba5ae-4047-4671-a0ae-59b923691649" testName="Test_where_not" computerName="STEVEN-PC" testType="13cdc9d9-ddb5-4fa4-a97d-d965ccfc6d4b" outcome="NotExecuted" testListId="8c84fa94-04c1-424b-9868-57a2d4851a1d" relativeResultsDirectory="d9132c3f-7f6c-421d-bea6-da036ef72c5f">
    </UnitTestResult>
    <UnitTestResult executionId="8349529b-b557-4817-a2ae-38b4241b0c01" testId="a7b1c2c3-270d-28e1-4f96-d6cdab3fb0cb" testName="Test_multi_clause_where" computerName="STEVEN-PC" testType="13cdc9d9-ddb5-4fa4-a97d-d965ccfc6d4b" outcome="NotExecuted" testListId="8c84fa94-04c1-424b-9868-57a2d4851a1d" relativeResultsDirectory="8349529b-b557-4817-a2ae-38b4241b0c01">
    </UnitTestResult>
    <UnitTestResult executionId="ef9a89a7-eb66-4209-bd51-fb39eb62d296" testId="b57e08db-af27-e035-f405-a5594770d231" testName="Test_multi_clause_where_and_where_not" computerName="STEVEN-PC" testType="13cdc9d9-ddb5-4fa4-a97d-d965ccfc6d4b" outcome="NotExecuted" testListId="8c84fa94-04c1-424b-9868-57a2d4851a1d" relativeResultsDirectory="ef9a89a7-eb66-4209-bd51-fb39eb62d296">
    </UnitTestResult>
    <UnitTestResult executionId="9d947c74-3f1d-4765-b087-8f15ba133843" testId="0d67a389-f27a-5927-df7c-deaa56a2ac23" testName="Test_orderby" computerName="STEVEN-PC" testType="13cdc9d9-ddb5-4fa4-a97d-d965ccfc6d4b" outcome="NotExecuted" testListId="8c84fa94-04c1-424b-9868-57a2d4851a1d" relativeResultsDirectory="9d947c74-3f1d-4765-b087-8f15ba133843">
    </UnitTestResult>
    <UnitTestResult executionId="90fea550-36cc-4ef1-a070-d90f7688ecb5" testId="c951cc96-fab2-20b5-116b-f8b36cf91c10" testName="Test_multi_clause_orderby" computerName="STEVEN-PC" testType="13cdc9d9-ddb5-4fa4-a97d-d965ccfc6d4b" outcome="NotExecuted" testListId="8c84fa94-04c1-424b-9868-57a2d4851a1d" relativeResultsDirectory="90fea550-36cc-4ef1-a070-d90f7688ecb5">
    </UnitTestResult>
    <UnitTestResult executionId="21fa097f-0272-4f69-b3cd-3d80c7843449" testId="ec9a58f6-675c-e225-4fe5-716d9377a0a3" testName="Test_single" computerName="STEVEN-PC" testType="13cdc9d9-ddb5-4fa4-a97d-d965ccfc6d4b" outcome="NotExecuted" testListId="8c84fa94-04c1-424b-9868-57a2d4851a1d" relativeResultsDirectory="21fa097f-0272-4f69-b3cd-3d80c7843449">
    </UnitTestResult>
    <UnitTestResult executionId="7e8bd7c2-8312-4468-8240-776d0bddc3cc" testId="8bab2567-7cbc-0ab9-1b8e-7f96790444c6" testName="Test_enumerator" computerName="STEVEN-PC" testType="13cdc9d9-ddb5-4fa4-a97d-d965ccfc6d4b" outcome="NotExecuted" testListId="8c84fa94-04c1-424b-9868-57a2d4851a1d" relativeResultsDirectory="7e8bd7c2-8312-4468-8240-776d0bddc3cc">
    </UnitTestResult>
    <UnitTestResult executionId="2bb7e7a1-eee5-49ca-be2e-434570776ad3" testId="60b0cf60-fe03-004c-4bfa-4785b16f1dce" testName="Test_where_and" computerName="STEVEN-PC" testType="13cdc9d9-ddb5-4fa4-a97d-d965ccfc6d4b" outcome="NotExecuted" testListId="8c84fa94-04c1-424b-9868-57a2d4851a1d" relativeResultsDirectory="2bb7e7a1-eee5-49ca-be2e-434570776ad3">
    </UnitTestResult>
    <UnitTestResult executionId="4cd5450d-3dfc-43ce-8bcb-f6a3dbba6ada" testId="4a258fa4-e5be-4f7a-e3e4-e1dc90744510" testName="Test_bool_where" computerName="STEVEN-PC" testType="13cdc9d9-ddb5-4fa4-a97d-d965ccfc6d4b" outcome="NotExecuted" testListId="8c84fa94-04c1-424b-9868-57a2d4851a1d" relativeResultsDirectory="4cd5450d-3dfc-43ce-8bcb-f6a3dbba6ada">
    </UnitTestResult>
    <UnitTestResult executionId="575a6d44-0de9-4296-9197-be4102184587" testId="6ba02aa5-1bfb-ebcb-b41c-615999aa8334" testName="Test_toList" computerName="STEVEN-PC" testType="13cdc9d9-ddb5-4fa4-a97d-d965ccfc6d4b" outcome="NotExecuted" testListId="8c84fa94-04c1-424b-9868-57a2d4851a1d" relativeResultsDirectory="575a6d44-0de9-4296-9197-be4102184587">
    </UnitTestResult>
    <UnitTestResult executionId="2d16c1b7-99a2-4ffd-b4cc-b86239931b47" testId="c9354350-cbda-a1f1-e280-b767455dde09" testName="Test_products_in_store_by_id" computerName="STEVEN-PC" testType="13cdc9d9-ddb5-4fa4-a97d-d965ccfc6d4b" outcome="NotExecuted" testListId="8c84fa94-04c1-424b-9868-57a2d4851a1d" relativeResultsDirectory="2d16c1b7-99a2-4ffd-b4cc-b86239931b47">
    </UnitTestResult>
    <UnitTestResult executionId="ab5ed888-4f17-48dc-9124-ef13123dde61" testId="e2f6ed2b-f024-54cb-80b7-ad507738c243" testName="Test_products_in_store_lazy_loaded" computerName="STEVEN-PC" testType="13cdc9d9-ddb5-4fa4-a97d-d965ccfc6d4b" outcome="NotExecuted" testListId="8c84fa94-04c1-424b-9868-57a2d4851a1d" relativeResultsDirectory="ab5ed888-4f17-48dc-9124-ef13123dde61">
    </UnitTestResult>
    <UnitTestResult executionId="10828345-7edc-4491-b399-05aaaed41a37" testId="81800161-52ee-707e-8522-02ae1672866e" testName="Test_products_in_store_with_where" computerName="STEVEN-PC" testType="13cdc9d9-ddb5-4fa4-a97d-d965ccfc6d4b" outcome="NotExecuted" testListId="8c84fa94-04c1-424b-9868-57a2d4851a1d" relativeResultsDirectory="10828345-7edc-4491-b399-05aaaed41a37">
    </UnitTestResult>
    <UnitTestResult executionId="c7efc67d-3290-4e1d-b041-8300f2bb89e1" testId="4789e52f-0940-a3c8-fe6a-e13b73623977" testName="Test_where_and_orderby" computerName="STEVEN-PC" testType="13cdc9d9-ddb5-4fa4-a97d-d965ccfc6d4b" outcome="NotExecuted" testListId="8c84fa94-04c1-424b-9868-57a2d4851a1d" relativeResultsDirectory="c7efc67d-3290-4e1d-b041-8300f2bb89e1">
    </UnitTestResult>
    <UnitTestResult executionId="d2e92d13-426e-4270-910a-783cf27d9a25" testId="71326b83-217a-3999-c98f-d98f8093dd74" testName="Test_take" computerName="STEVEN-PC" testType="13cdc9d9-ddb5-4fa4-a97d-d965ccfc6d4b" outcome="NotExecuted" testListId="8c84fa94-04c1-424b-9868-57a2d4851a1d" relativeResultsDirectory="d2e92d13-426e-4270-910a-783cf27d9a25">
    </UnitTestResult>
    <UnitTestResult executionId="2663b55b-ec81-428a-931f-0ce7bf6595a3" testId="698a4013-3243-f2c9-ad1a-f5a3b3e0436d" testName="Test_skip" computerName="STEVEN-PC" testType="13cdc9d9-ddb5-4fa4-a97d-d965ccfc6d4b" outcome="NotExecuted" testListId="8c84fa94-04c1-424b-9868-57a2d4851a1d" relativeResultsDirectory="2663b55b-ec81-428a-931f-0ce7bf6595a3">
    </UnitTestResult>
    <UnitTestResult executionId="83508beb-e89c-4b36-b218-7edd915fd1ce" testId="b3d263e1-3345-99ad-b04d-44df64ff509a" testName="Test_take_and_skip" computerName="STEVEN-PC" testType="13cdc9d9-ddb5-4fa4-a97d-d965ccfc6d4b" outcome="NotExecuted" testListId="8c84fa94-04c1-424b-9868-57a2d4851a1d" relativeResultsDirectory="83508beb-e89c-4b36-b218-7edd915fd1ce">
    </UnitTestResult>
  </Results>
</TestRun>