<?xml version="1.0" encoding="UTF-8"?>
<TestRun id="61b6b70e-8a15-4e4a-8a59-3f31cdbf4de6" name="Steven@STEVEN-PC 2012-03-27 22:34:48" runUser="Steven-PC\Steven" xmlns="http://microsoft.com/schemas/VisualStudio/TeamTest/2010">
  <TestSettings name="Local" id="9a3cc359-a60d-41bb-8c84-7024cd7e5428">
    <Description>These are default test settings for a local test run.</Description>
    <Deployment enabled="false" runDeploymentRoot="Steven_STEVEN-PC 2012-03-27 22_34_48">
      <DeploymentItem filename="C:\Users\Steven\Documents\Visual Studio 2010\Projects\LinqToLcbo\LinqToLcbo\bin\Debug\LinqToLcbo.dll" />
    </Deployment>
    <Execution>
      <TestTypeSpecific />
      <AgentRule name="Execution Agents">
      </AgentRule>
    </Execution>
  </TestSettings>
  <Times creation="2012-03-27T22:34:48.6268383-04:00" queuing="2012-03-27T22:34:49.2684395-04:00" start="2012-03-27T22:34:49.3308396-04:00" finish="2012-03-27T22:35:15.0612123-04:00" />
  <ResultSummary outcome="Error">
    <Counters total="23" executed="17" passed="16" error="0" failed="0" timeout="0" aborted="1" inconclusive="0" passedButRunAborted="0" notRunnable="0" notExecuted="6" disconnected="0" warning="0" completed="0" inProgress="0" pending="0" />
    <RunInfos>
      <RunInfo computerName="STEVEN-PC" outcome="Error" timestamp="2012-03-27T22:35:15.0612123-04:00">
        <Text>Test host process exited unexpectedly.</Text>
      </RunInfo>
    </RunInfos>
  </ResultSummary>
  <TestDefinitions>
    <UnitTest name="Test_where_and" storage="c:\users\steven\documents\visual studio 2010\projects\linqtolcbo\linqtolcbotests\bin\debug\linqtolcbotests.dll" id="60b0cf60-fe03-004c-4bfa-4785b16f1dce">
      <Execution id="996a3580-3f6c-4b6f-9515-207dbc1e4f27" />
      <TestMethod codeBase="C:/Users/Steven/Documents/Visual Studio 2010/Projects/LinqToLcbo/LinqToLcboTests/bin/Debug/LinqToLcboTests.DLL" adapterTypeName="Microsoft.VisualStudio.TestTools.TestTypes.Unit.UnitTestAdapter, Microsoft.VisualStudio.QualityTools.Tips.UnitTest.Adapter, Version=10.0.0.0, Culture=neutral, PublicKeyToken=b03f5f7f11d50a3a" className="LinqToLcboTests.ProductTest, LinqToLcboTests, Version=1.0.0.0, Culture=neutral, PublicKeyToken=null" name="Test_where_and" />
    </UnitTest>
    <UnitTest name="Test_multi_clause_where_and_where_not" storage="c:\users\steven\documents\visual studio 2010\projects\linqtolcbo\linqtolcbotests\bin\debug\linqtolcbotests.dll" id="b57e08db-af27-e035-f405-a5594770d231">
      <Execution id="1891aa40-4d6e-4212-8551-6a097d43f164" />
      <TestMethod codeBase="C:/Users/Steven/Documents/Visual Studio 2010/Projects/LinqToLcbo/LinqToLcboTests/bin/Debug/LinqToLcboTests.DLL" adapterTypeName="Microsoft.VisualStudio.TestTools.TestTypes.Unit.UnitTestAdapter, Microsoft.VisualStudio.QualityTools.Tips.UnitTest.Adapter, Version=10.0.0.0, Culture=neutral, PublicKeyToken=b03f5f7f11d50a3a" className="LinqToLcboTests.ProductTest, LinqToLcboTests, Version=1.0.0.0, Culture=neutral, PublicKeyToken=null" name="Test_multi_clause_where_and_where_not" />
    </UnitTest>
    <UnitTest name="Test_toList" storage="c:\users\steven\documents\visual studio 2010\projects\linqtolcbo\linqtolcbotests\bin\debug\linqtolcbotests.dll" id="6ba02aa5-1bfb-ebcb-b41c-615999aa8334">
      <Execution id="5f415b21-7a2b-4b0b-b5fd-1c0d3a0bf9f6" />
      <TestMethod codeBase="C:/Users/Steven/Documents/Visual Studio 2010/Projects/LinqToLcbo/LinqToLcboTests/bin/Debug/LinqToLcboTests.DLL" adapterTypeName="Microsoft.VisualStudio.TestTools.TestTypes.Unit.UnitTestAdapter, Microsoft.VisualStudio.QualityTools.Tips.UnitTest.Adapter, Version=10.0.0.0, Culture=neutral, PublicKeyToken=b03f5f7f11d50a3a" className="LinqToLcboTests.ProductTest, LinqToLcboTests, Version=1.0.0.0, Culture=neutral, PublicKeyToken=null" name="Test_toList" />
    </UnitTest>
    <UnitTest name="Test_where_and_orderby" storage="c:\users\steven\documents\visual studio 2010\projects\linqtolcbo\linqtolcbotests\bin\debug\linqtolcbotests.dll" id="4789e52f-0940-a3c8-fe6a-e13b73623977">
      <Execution id="3b163bd5-7ee4-4563-9595-cf0043233bfa" />
      <TestMethod codeBase="C:/Users/Steven/Documents/Visual Studio 2010/Projects/LinqToLcbo/LinqToLcboTests/bin/Debug/LinqToLcboTests.DLL" adapterTypeName="Microsoft.VisualStudio.TestTools.TestTypes.Unit.UnitTestAdapter, Microsoft.VisualStudio.QualityTools.Tips.UnitTest.Adapter, Version=10.0.0.0, Culture=neutral, PublicKeyToken=b03f5f7f11d50a3a" className="LinqToLcboTests.ProductTest, LinqToLcboTests, Version=1.0.0.0, Culture=neutral, PublicKeyToken=null" name="Test_where_and_orderby" />
    </UnitTest>
    <UnitTest name="Test_bool_where" storage="c:\users\steven\documents\visual studio 2010\projects\linqtolcbo\linqtolcbotests\bin\debug\linqtolcbotests.dll" id="4a258fa4-e5be-4f7a-e3e4-e1dc90744510">
      <Execution id="6ace041d-0f48-4f2e-b942-e31415495499" />
      <TestMethod codeBase="C:/Users/Steven/Documents/Visual Studio 2010/Projects/LinqToLcbo/LinqToLcboTests/bin/Debug/LinqToLcboTests.DLL" adapterTypeName="Microsoft.VisualStudio.TestTools.TestTypes.Unit.UnitTestAdapter, Microsoft.VisualStudio.QualityTools.Tips.UnitTest.Adapter, Version=10.0.0.0, Culture=neutral, PublicKeyToken=b03f5f7f11d50a3a" className="LinqToLcboTests.ProductTest, LinqToLcboTests, Version=1.0.0.0, Culture=neutral, PublicKeyToken=null" name="Test_bool_where" />
    </UnitTest>
    <UnitTest name="Test_stores_geo" storage="c:\users\steven\documents\visual studio 2010\projects\linqtolcbo\linqtolcbotests\bin\debug\linqtolcbotests.dll" id="b4e8e3a3-b297-7283-08b2-965d1e44cae4">
      <Execution id="417d69c7-eb4a-4386-8e6e-040043aac114" />
      <TestMethod codeBase="C:/Users/Steven/Documents/Visual Studio 2010/Projects/LinqToLcbo/LinqToLcboTests/bin/Debug/LinqToLcboTests.DLL" adapterTypeName="Microsoft.VisualStudio.TestTools.TestTypes.Unit.UnitTestAdapter, Microsoft.VisualStudio.QualityTools.Tips.UnitTest.Adapter, Version=10.0.0.0, Culture=neutral, PublicKeyToken=b03f5f7f11d50a3a" className="LinqToLcboTests.StoreTest, LinqToLcboTests, Version=1.0.0.0, Culture=neutral, PublicKeyToken=null" name="Test_stores_geo" />
    </UnitTest>
    <UnitTest name="Test_multi_clause_orderby" storage="c:\users\steven\documents\visual studio 2010\projects\linqtolcbo\linqtolcbotests\bin\debug\linqtolcbotests.dll" id="c951cc96-fab2-20b5-116b-f8b36cf91c10">
      <Execution id="94868ac5-9fdd-4697-9dcc-35e0ebcea7f5" />
      <TestMethod codeBase="C:/Users/Steven/Documents/Visual Studio 2010/Projects/LinqToLcbo/LinqToLcboTests/bin/Debug/LinqToLcboTests.DLL" adapterTypeName="Microsoft.VisualStudio.TestTools.TestTypes.Unit.UnitTestAdapter, Microsoft.VisualStudio.QualityTools.Tips.UnitTest.Adapter, Version=10.0.0.0, Culture=neutral, PublicKeyToken=b03f5f7f11d50a3a" className="LinqToLcboTests.ProductTest, LinqToLcboTests, Version=1.0.0.0, Culture=neutral, PublicKeyToken=null" name="Test_multi_clause_orderby" />
    </UnitTest>
    <UnitTest name="Test_products_in_store_by_id" storage="c:\users\steven\documents\visual studio 2010\projects\linqtolcbo\linqtolcbotests\bin\debug\linqtolcbotests.dll" id="c9354350-cbda-a1f1-e280-b767455dde09">
      <Execution id="13de8fcf-2a25-4434-af6f-245fa89c7be7" />
      <TestMethod codeBase="C:/Users/Steven/Documents/Visual Studio 2010/Projects/LinqToLcbo/LinqToLcboTests/bin/Debug/LinqToLcboTests.DLL" adapterTypeName="Microsoft.VisualStudio.TestTools.TestTypes.Unit.UnitTestAdapter, Microsoft.VisualStudio.QualityTools.Tips.UnitTest.Adapter, Version=10.0.0.0, Culture=neutral, PublicKeyToken=b03f5f7f11d50a3a" className="LinqToLcboTests.ProductTest, LinqToLcboTests, Version=1.0.0.0, Culture=neutral, PublicKeyToken=null" name="Test_products_in_store_by_id" />
    </UnitTest>
    <UnitTest name="Test_skip" storage="c:\users\steven\documents\visual studio 2010\projects\linqtolcbo\linqtolcbotests\bin\debug\linqtolcbotests.dll" id="698a4013-3243-f2c9-ad1a-f5a3b3e0436d">
      <Execution id="2143c99e-0f4c-49b4-bc24-c9be95857e31" />
      <TestMethod codeBase="C:/Users/Steven/Documents/Visual Studio 2010/Projects/LinqToLcbo/LinqToLcboTests/bin/Debug/LinqToLcboTests.DLL" adapterTypeName="Microsoft.VisualStudio.TestTools.TestTypes.Unit.UnitTestAdapter, Microsoft.VisualStudio.QualityTools.Tips.UnitTest.Adapter, Version=10.0.0.0, Culture=neutral, PublicKeyToken=b03f5f7f11d50a3a" className="LinqToLcboTests.ProductTest, LinqToLcboTests, Version=1.0.0.0, Culture=neutral, PublicKeyToken=null" name="Test_skip" />
    </UnitTest>
    <UnitTest name="Test_enumerator" storage="c:\users\steven\documents\visual studio 2010\projects\linqtolcbo\linqtolcbotests\bin\debug\linqtolcbotests.dll" id="8bab2567-7cbc-0ab9-1b8e-7f96790444c6">
      <Execution id="ef08411a-22eb-4166-83ea-8c07640f920c" />
      <TestMethod codeBase="C:/Users/Steven/Documents/Visual Studio 2010/Projects/LinqToLcbo/LinqToLcboTests/bin/Debug/LinqToLcboTests.DLL" adapterTypeName="Microsoft.VisualStudio.TestTools.TestTypes.Unit.UnitTestAdapter, Microsoft.VisualStudio.QualityTools.Tips.UnitTest.Adapter, Version=10.0.0.0, Culture=neutral, PublicKeyToken=b03f5f7f11d50a3a" className="LinqToLcboTests.ProductTest, LinqToLcboTests, Version=1.0.0.0, Culture=neutral, PublicKeyToken=null" name="Test_enumerator" />
    </UnitTest>
    <UnitTest name="Test_products_in_store_with_where" storage="c:\users\steven\documents\visual studio 2010\projects\linqtolcbo\linqtolcbotests\bin\debug\linqtolcbotests.dll" id="81800161-52ee-707e-8522-02ae1672866e">
      <Execution id="7b8ad833-7819-4de2-9197-846b79620737" />
      <TestMethod codeBase="C:/Users/Steven/Documents/Visual Studio 2010/Projects/LinqToLcbo/LinqToLcboTests/bin/Debug/LinqToLcboTests.DLL" adapterTypeName="Microsoft.VisualStudio.TestTools.TestTypes.Unit.UnitTestAdapter, Microsoft.VisualStudio.QualityTools.Tips.UnitTest.Adapter, Version=10.0.0.0, Culture=neutral, PublicKeyToken=b03f5f7f11d50a3a" className="LinqToLcboTests.ProductTest, LinqToLcboTests, Version=1.0.0.0, Culture=neutral, PublicKeyToken=null" name="Test_products_in_store_with_where" />
    </UnitTest>
    <UnitTest name="Test_orderby" storage="c:\users\steven\documents\visual studio 2010\projects\linqtolcbo\linqtolcbotests\bin\debug\linqtolcbotests.dll" id="0d67a389-f27a-5927-df7c-deaa56a2ac23">
      <Execution id="c4ae6411-984d-4150-8802-5b2f9a7a4a3b" />
      <TestMethod codeBase="C:/Users/Steven/Documents/Visual Studio 2010/Projects/LinqToLcbo/LinqToLcboTests/bin/Debug/LinqToLcboTests.DLL" adapterTypeName="Microsoft.VisualStudio.TestTools.TestTypes.Unit.UnitTestAdapter, Microsoft.VisualStudio.QualityTools.Tips.UnitTest.Adapter, Version=10.0.0.0, Culture=neutral, PublicKeyToken=b03f5f7f11d50a3a" className="LinqToLcboTests.ProductTest, LinqToLcboTests, Version=1.0.0.0, Culture=neutral, PublicKeyToken=null" name="Test_orderby" />
    </UnitTest>
    <UnitTest name="Test_where" storage="c:\users\steven\documents\visual studio 2010\projects\linqtolcbo\linqtolcbotests\bin\debug\linqtolcbotests.dll" id="48be9065-54cb-9463-4db0-a28fb13c3f13">
      <Execution id="e136c4e6-d0af-4629-acff-eba51b82d349" />
      <TestMethod codeBase="C:/Users/Steven/Documents/Visual Studio 2010/Projects/LinqToLcbo/LinqToLcboTests/bin/Debug/LinqToLcboTests.DLL" adapterTypeName="Microsoft.VisualStudio.TestTools.TestTypes.Unit.UnitTestAdapter, Microsoft.VisualStudio.QualityTools.Tips.UnitTest.Adapter, Version=10.0.0.0, Culture=neutral, PublicKeyToken=b03f5f7f11d50a3a" className="LinqToLcboTests.ProductTest, LinqToLcboTests, Version=1.0.0.0, Culture=neutral, PublicKeyToken=null" name="Test_where" />
    </UnitTest>
    <UnitTest name="Test_stores_with_multi_where" storage="c:\users\steven\documents\visual studio 2010\projects\linqtolcbo\linqtolcbotests\bin\debug\linqtolcbotests.dll" id="bb439f9f-fec1-c8e6-de29-38825c210bee">
      <Execution id="5670622e-24c7-48e0-807f-3f40fb76c56d" />
      <TestMethod codeBase="C:/Users/Steven/Documents/Visual Studio 2010/Projects/LinqToLcbo/LinqToLcboTests/bin/Debug/LinqToLcboTests.DLL" adapterTypeName="Microsoft.VisualStudio.TestTools.TestTypes.Unit.UnitTestAdapter, Microsoft.VisualStudio.QualityTools.Tips.UnitTest.Adapter, Version=10.0.0.0, Culture=neutral, PublicKeyToken=b03f5f7f11d50a3a" className="LinqToLcboTests.StoreTest, LinqToLcboTests, Version=1.0.0.0, Culture=neutral, PublicKeyToken=null" name="Test_stores_with_multi_where" />
    </UnitTest>
    <UnitTest name="Test_stores_searchQuery" storage="c:\users\steven\documents\visual studio 2010\projects\linqtolcbo\linqtolcbotests\bin\debug\linqtolcbotests.dll" id="e173aa33-7fbd-6163-2a04-a59c87c51838">
      <Execution id="4e274e38-2f58-47c8-852b-2db61ff1870c" />
      <TestMethod codeBase="C:/Users/Steven/Documents/Visual Studio 2010/Projects/LinqToLcbo/LinqToLcboTests/bin/Debug/LinqToLcboTests.DLL" adapterTypeName="Microsoft.VisualStudio.TestTools.TestTypes.Unit.UnitTestAdapter, Microsoft.VisualStudio.QualityTools.Tips.UnitTest.Adapter, Version=10.0.0.0, Culture=neutral, PublicKeyToken=b03f5f7f11d50a3a" className="LinqToLcboTests.StoreTest, LinqToLcboTests, Version=1.0.0.0, Culture=neutral, PublicKeyToken=null" name="Test_stores_searchQuery" />
    </UnitTest>
    <UnitTest name="Test_take_and_skip" storage="c:\users\steven\documents\visual studio 2010\projects\linqtolcbo\linqtolcbotests\bin\debug\linqtolcbotests.dll" id="b3d263e1-3345-99ad-b04d-44df64ff509a">
      <Execution id="645dc161-04b5-4dd8-a1b6-2d701f561afe" />
      <TestMethod codeBase="C:/Users/Steven/Documents/Visual Studio 2010/Projects/LinqToLcbo/LinqToLcboTests/bin/Debug/LinqToLcboTests.DLL" adapterTypeName="Microsoft.VisualStudio.TestTools.TestTypes.Unit.UnitTestAdapter, Microsoft.VisualStudio.QualityTools.Tips.UnitTest.Adapter, Version=10.0.0.0, Culture=neutral, PublicKeyToken=b03f5f7f11d50a3a" className="LinqToLcboTests.ProductTest, LinqToLcboTests, Version=1.0.0.0, Culture=neutral, PublicKeyToken=null" name="Test_take_and_skip" />
    </UnitTest>
    <UnitTest name="Test_products_in_store_lazy_loaded" storage="c:\users\steven\documents\visual studio 2010\projects\linqtolcbo\linqtolcbotests\bin\debug\linqtolcbotests.dll" id="e2f6ed2b-f024-54cb-80b7-ad507738c243">
      <Execution id="bc923f66-3369-444c-b0ab-85b31739a8c2" />
      <TestMethod codeBase="C:/Users/Steven/Documents/Visual Studio 2010/Projects/LinqToLcbo/LinqToLcboTests/bin/Debug/LinqToLcboTests.DLL" adapterTypeName="Microsoft.VisualStudio.TestTools.TestTypes.Unit.UnitTestAdapter, Microsoft.VisualStudio.QualityTools.Tips.UnitTest.Adapter, Version=10.0.0.0, Culture=neutral, PublicKeyToken=b03f5f7f11d50a3a" className="LinqToLcboTests.ProductTest, LinqToLcboTests, Version=1.0.0.0, Culture=neutral, PublicKeyToken=null" name="Test_products_in_store_lazy_loaded" />
    </UnitTest>
    <UnitTest name="Test_single" storage="c:\users\steven\documents\visual studio 2010\projects\linqtolcbo\linqtolcbotests\bin\debug\linqtolcbotests.dll" id="ec9a58f6-675c-e225-4fe5-716d9377a0a3">
      <Execution id="e38d14a2-129c-4903-9e1c-c4643a8185b6" />
      <TestMethod codeBase="C:/Users/Steven/Documents/Visual Studio 2010/Projects/LinqToLcbo/LinqToLcboTests/bin/Debug/LinqToLcboTests.DLL" adapterTypeName="Microsoft.VisualStudio.TestTools.TestTypes.Unit.UnitTestAdapter, Microsoft.VisualStudio.QualityTools.Tips.UnitTest.Adapter, Version=10.0.0.0, Culture=neutral, PublicKeyToken=b03f5f7f11d50a3a" className="LinqToLcboTests.ProductTest, LinqToLcboTests, Version=1.0.0.0, Culture=neutral, PublicKeyToken=null" name="Test_single" />
    </UnitTest>
    <UnitTest name="Test_multi_clause_where" storage="c:\users\steven\documents\visual studio 2010\projects\linqtolcbo\linqtolcbotests\bin\debug\linqtolcbotests.dll" id="a7b1c2c3-270d-28e1-4f96-d6cdab3fb0cb">
      <Execution id="114de924-08ce-4a50-adf4-003ea52152d1" />
      <TestMethod codeBase="C:/Users/Steven/Documents/Visual Studio 2010/Projects/LinqToLcbo/LinqToLcboTests/bin/Debug/LinqToLcboTests.DLL" adapterTypeName="Microsoft.VisualStudio.TestTools.TestTypes.Unit.UnitTestAdapter, Microsoft.VisualStudio.QualityTools.Tips.UnitTest.Adapter, Version=10.0.0.0, Culture=neutral, PublicKeyToken=b03f5f7f11d50a3a" className="LinqToLcboTests.ProductTest, LinqToLcboTests, Version=1.0.0.0, Culture=neutral, PublicKeyToken=null" name="Test_multi_clause_where" />
    </UnitTest>
    <UnitTest name="Test_take" storage="c:\users\steven\documents\visual studio 2010\projects\linqtolcbo\linqtolcbotests\bin\debug\linqtolcbotests.dll" id="71326b83-217a-3999-c98f-d98f8093dd74">
      <Execution id="45468a10-55ec-4c35-b396-9400451ecb36" />
      <TestMethod codeBase="C:/Users/Steven/Documents/Visual Studio 2010/Projects/LinqToLcbo/LinqToLcboTests/bin/Debug/LinqToLcboTests.DLL" adapterTypeName="Microsoft.VisualStudio.TestTools.TestTypes.Unit.UnitTestAdapter, Microsoft.VisualStudio.QualityTools.Tips.UnitTest.Adapter, Version=10.0.0.0, Culture=neutral, PublicKeyToken=b03f5f7f11d50a3a" className="LinqToLcboTests.ProductTest, LinqToLcboTests, Version=1.0.0.0, Culture=neutral, PublicKeyToken=null" name="Test_take" />
    </UnitTest>
    <UnitTest name="Test_stores_with_product" storage="c:\users\steven\documents\visual studio 2010\projects\linqtolcbo\linqtolcbotests\bin\debug\linqtolcbotests.dll" id="fdf8930d-32cc-6043-e5e7-a8a1cf1cdf45">
      <Execution id="0fd6db0a-1a20-4f97-a5a4-b3b05be02da3" />
      <TestMethod codeBase="C:/Users/Steven/Documents/Visual Studio 2010/Projects/LinqToLcbo/LinqToLcboTests/bin/Debug/LinqToLcboTests.DLL" adapterTypeName="Microsoft.VisualStudio.TestTools.TestTypes.Unit.UnitTestAdapter, Microsoft.VisualStudio.QualityTools.Tips.UnitTest.Adapter, Version=10.0.0.0, Culture=neutral, PublicKeyToken=b03f5f7f11d50a3a" className="LinqToLcboTests.StoreTest, LinqToLcboTests, Version=1.0.0.0, Culture=neutral, PublicKeyToken=null" name="Test_stores_with_product" />
    </UnitTest>
    <UnitTest name="Test_where_not" storage="c:\users\steven\documents\visual studio 2010\projects\linqtolcbo\linqtolcbotests\bin\debug\linqtolcbotests.dll" id="307ba5ae-4047-4671-a0ae-59b923691649">
      <Execution id="65ee51d6-e0df-4a03-a148-3aed33b1bce0" />
      <TestMethod codeBase="C:/Users/Steven/Documents/Visual Studio 2010/Projects/LinqToLcbo/LinqToLcboTests/bin/Debug/LinqToLcboTests.DLL" adapterTypeName="Microsoft.VisualStudio.TestTools.TestTypes.Unit.UnitTestAdapter, Microsoft.VisualStudio.QualityTools.Tips.UnitTest.Adapter, Version=10.0.0.0, Culture=neutral, PublicKeyToken=b03f5f7f11d50a3a" className="LinqToLcboTests.ProductTest, LinqToLcboTests, Version=1.0.0.0, Culture=neutral, PublicKeyToken=null" name="Test_where_not" />
    </UnitTest>
    <UnitTest name="Test_stores_signle" storage="c:\users\steven\documents\visual studio 2010\projects\linqtolcbo\linqtolcbotests\bin\debug\linqtolcbotests.dll" id="b366df67-fbbf-42de-4bd5-7bf833b872da">
      <Execution id="fa11823f-70b2-417d-8a55-61da61c83b96" />
      <TestMethod codeBase="C:/Users/Steven/Documents/Visual Studio 2010/Projects/LinqToLcbo/LinqToLcboTests/bin/Debug/LinqToLcboTests.DLL" adapterTypeName="Microsoft.VisualStudio.TestTools.TestTypes.Unit.UnitTestAdapter, Microsoft.VisualStudio.QualityTools.Tips.UnitTest.Adapter, Version=10.0.0.0, Culture=neutral, PublicKeyToken=b03f5f7f11d50a3a" className="LinqToLcboTests.StoreTest, LinqToLcboTests, Version=1.0.0.0, Culture=neutral, PublicKeyToken=null" name="Test_stores_signle" />
    </UnitTest>
  </TestDefinitions>
  <TestLists>
    <TestList name="Results Not in a List" id="8c84fa94-04c1-424b-9868-57a2d4851a1d" />
    <TestList name="All Loaded Results" id="19431567-8539-422a-85d7-44ee4e166bda" />
  </TestLists>
  <TestEntries>
    <TestEntry testId="e173aa33-7fbd-6163-2a04-a59c87c51838" executionId="4e274e38-2f58-47c8-852b-2db61ff1870c" testListId="8c84fa94-04c1-424b-9868-57a2d4851a1d" />
    <TestEntry testId="b4e8e3a3-b297-7283-08b2-965d1e44cae4" executionId="417d69c7-eb4a-4386-8e6e-040043aac114" testListId="8c84fa94-04c1-424b-9868-57a2d4851a1d" />
    <TestEntry testId="bb439f9f-fec1-c8e6-de29-38825c210bee" executionId="5670622e-24c7-48e0-807f-3f40fb76c56d" testListId="8c84fa94-04c1-424b-9868-57a2d4851a1d" />
    <TestEntry testId="fdf8930d-32cc-6043-e5e7-a8a1cf1cdf45" executionId="0fd6db0a-1a20-4f97-a5a4-b3b05be02da3" testListId="8c84fa94-04c1-424b-9868-57a2d4851a1d" />
    <TestEntry testId="48be9065-54cb-9463-4db0-a28fb13c3f13" executionId="e136c4e6-d0af-4629-acff-eba51b82d349" testListId="8c84fa94-04c1-424b-9868-57a2d4851a1d" />
    <TestEntry testId="307ba5ae-4047-4671-a0ae-59b923691649" executionId="65ee51d6-e0df-4a03-a148-3aed33b1bce0" testListId="8c84fa94-04c1-424b-9868-57a2d4851a1d" />
    <TestEntry testId="a7b1c2c3-270d-28e1-4f96-d6cdab3fb0cb" executionId="114de924-08ce-4a50-adf4-003ea52152d1" testListId="8c84fa94-04c1-424b-9868-57a2d4851a1d" />
    <TestEntry testId="b57e08db-af27-e035-f405-a5594770d231" executionId="1891aa40-4d6e-4212-8551-6a097d43f164" testListId="8c84fa94-04c1-424b-9868-57a2d4851a1d" />
    <TestEntry testId="0d67a389-f27a-5927-df7c-deaa56a2ac23" executionId="c4ae6411-984d-4150-8802-5b2f9a7a4a3b" testListId="8c84fa94-04c1-424b-9868-57a2d4851a1d" />
    <TestEntry testId="c951cc96-fab2-20b5-116b-f8b36cf91c10" executionId="94868ac5-9fdd-4697-9dcc-35e0ebcea7f5" testListId="8c84fa94-04c1-424b-9868-57a2d4851a1d" />
    <TestEntry testId="ec9a58f6-675c-e225-4fe5-716d9377a0a3" executionId="e38d14a2-129c-4903-9e1c-c4643a8185b6" testListId="8c84fa94-04c1-424b-9868-57a2d4851a1d" />
    <TestEntry testId="8bab2567-7cbc-0ab9-1b8e-7f96790444c6" executionId="ef08411a-22eb-4166-83ea-8c07640f920c" testListId="8c84fa94-04c1-424b-9868-57a2d4851a1d" />
    <TestEntry testId="60b0cf60-fe03-004c-4bfa-4785b16f1dce" executionId="996a3580-3f6c-4b6f-9515-207dbc1e4f27" testListId="8c84fa94-04c1-424b-9868-57a2d4851a1d" />
    <TestEntry testId="4a258fa4-e5be-4f7a-e3e4-e1dc90744510" executionId="6ace041d-0f48-4f2e-b942-e31415495499" testListId="8c84fa94-04c1-424b-9868-57a2d4851a1d" />
    <TestEntry testId="6ba02aa5-1bfb-ebcb-b41c-615999aa8334" executionId="5f415b21-7a2b-4b0b-b5fd-1c0d3a0bf9f6" testListId="8c84fa94-04c1-424b-9868-57a2d4851a1d" />
    <TestEntry testId="c9354350-cbda-a1f1-e280-b767455dde09" executionId="13de8fcf-2a25-4434-af6f-245fa89c7be7" testListId="8c84fa94-04c1-424b-9868-57a2d4851a1d" />
    <TestEntry testId="e2f6ed2b-f024-54cb-80b7-ad507738c243" executionId="bc923f66-3369-444c-b0ab-85b31739a8c2" testListId="8c84fa94-04c1-424b-9868-57a2d4851a1d" />
    <TestEntry testId="81800161-52ee-707e-8522-02ae1672866e" executionId="7b8ad833-7819-4de2-9197-846b79620737" testListId="8c84fa94-04c1-424b-9868-57a2d4851a1d" />
    <TestEntry testId="4789e52f-0940-a3c8-fe6a-e13b73623977" executionId="3b163bd5-7ee4-4563-9595-cf0043233bfa" testListId="8c84fa94-04c1-424b-9868-57a2d4851a1d" />
    <TestEntry testId="71326b83-217a-3999-c98f-d98f8093dd74" executionId="45468a10-55ec-4c35-b396-9400451ecb36" testListId="8c84fa94-04c1-424b-9868-57a2d4851a1d" />
    <TestEntry testId="698a4013-3243-f2c9-ad1a-f5a3b3e0436d" executionId="2143c99e-0f4c-49b4-bc24-c9be95857e31" testListId="8c84fa94-04c1-424b-9868-57a2d4851a1d" />
    <TestEntry testId="b3d263e1-3345-99ad-b04d-44df64ff509a" executionId="645dc161-04b5-4dd8-a1b6-2d701f561afe" testListId="8c84fa94-04c1-424b-9868-57a2d4851a1d" />
    <TestEntry testId="b366df67-fbbf-42de-4bd5-7bf833b872da" executionId="fa11823f-70b2-417d-8a55-61da61c83b96" testListId="8c84fa94-04c1-424b-9868-57a2d4851a1d" />
  </TestEntries>
  <Results>
    <UnitTestResult executionId="4e274e38-2f58-47c8-852b-2db61ff1870c" testId="e173aa33-7fbd-6163-2a04-a59c87c51838" testName="Test_stores_searchQuery" computerName="STEVEN-PC" duration="00:00:00.0151373" startTime="2012-03-27T22:34:49.3464396-04:00" endTime="2012-03-27T22:34:49.9236407-04:00" testType="13cdc9d9-ddb5-4fa4-a97d-d965ccfc6d4b" outcome="Passed" testListId="8c84fa94-04c1-424b-9868-57a2d4851a1d" relativeResultsDirectory="4e274e38-2f58-47c8-852b-2db61ff1870c">
    </UnitTestResult>
    <UnitTestResult executionId="417d69c7-eb4a-4386-8e6e-040043aac114" testId="b4e8e3a3-b297-7283-08b2-965d1e44cae4" testName="Test_stores_geo" computerName="STEVEN-PC" duration="00:00:00.0009005" startTime="2012-03-27T22:34:49.9392407-04:00" endTime="2012-03-27T22:34:49.9704407-04:00" testType="13cdc9d9-ddb5-4fa4-a97d-d965ccfc6d4b" outcome="Passed" testListId="8c84fa94-04c1-424b-9868-57a2d4851a1d" relativeResultsDirectory="417d69c7-eb4a-4386-8e6e-040043aac114">
    </UnitTestResult>
    <UnitTestResult executionId="5670622e-24c7-48e0-807f-3f40fb76c56d" testId="bb439f9f-fec1-c8e6-de29-38825c210bee" testName="Test_stores_with_multi_where" computerName="STEVEN-PC" duration="00:00:00.0109449" startTime="2012-03-27T22:34:49.9860408-04:00" endTime="2012-03-27T22:34:50.0016408-04:00" testType="13cdc9d9-ddb5-4fa4-a97d-d965ccfc6d4b" outcome="Passed" testListId="8c84fa94-04c1-424b-9868-57a2d4851a1d" relativeResultsDirectory="5670622e-24c7-48e0-807f-3f40fb76c56d">
    </UnitTestResult>
    <UnitTestResult executionId="0fd6db0a-1a20-4f97-a5a4-b3b05be02da3" testId="fdf8930d-32cc-6043-e5e7-a8a1cf1cdf45" testName="Test_stores_with_product" computerName="STEVEN-PC" duration="00:00:00.0009286" startTime="2012-03-27T22:34:50.0016408-04:00" endTime="2012-03-27T22:34:50.0172408-04:00" testType="13cdc9d9-ddb5-4fa4-a97d-d965ccfc6d4b" outcome="Passed" testListId="8c84fa94-04c1-424b-9868-57a2d4851a1d" relativeResultsDirectory="0fd6db0a-1a20-4f97-a5a4-b3b05be02da3">
    </UnitTestResult>
    <UnitTestResult executionId="e136c4e6-d0af-4629-acff-eba51b82d349" testId="48be9065-54cb-9463-4db0-a28fb13c3f13" testName="Test_where" computerName="STEVEN-PC" duration="00:00:00.0022166" startTime="2012-03-27T22:34:50.0172408-04:00" endTime="2012-03-27T22:34:50.0328408-04:00" testType="13cdc9d9-ddb5-4fa4-a97d-d965ccfc6d4b" outcome="Passed" testListId="8c84fa94-04c1-424b-9868-57a2d4851a1d" relativeResultsDirectory="e136c4e6-d0af-4629-acff-eba51b82d349">
    </UnitTestResult>
    <UnitTestResult executionId="65ee51d6-e0df-4a03-a148-3aed33b1bce0" testId="307ba5ae-4047-4671-a0ae-59b923691649" testName="Test_where_not" computerName="STEVEN-PC" duration="00:00:00.0020020" startTime="2012-03-27T22:34:50.0328408-04:00" endTime="2012-03-27T22:34:50.0328408-04:00" testType="13cdc9d9-ddb5-4fa4-a97d-d965ccfc6d4b" outcome="Passed" testListId="8c84fa94-04c1-424b-9868-57a2d4851a1d" relativeResultsDirectory="65ee51d6-e0df-4a03-a148-3aed33b1bce0">
    </UnitTestResult>
    <UnitTestResult executionId="114de924-08ce-4a50-adf4-003ea52152d1" testId="a7b1c2c3-270d-28e1-4f96-d6cdab3fb0cb" testName="Test_multi_clause_where" computerName="STEVEN-PC" duration="00:00:00.0007596" startTime="2012-03-27T22:34:50.0484409-04:00" endTime="2012-03-27T22:34:50.0484409-04:00" testType="13cdc9d9-ddb5-4fa4-a97d-d965ccfc6d4b" outcome="Passed" testListId="8c84fa94-04c1-424b-9868-57a2d4851a1d" relativeResultsDirectory="114de924-08ce-4a50-adf4-003ea52152d1">
    </UnitTestResult>
    <UnitTestResult executionId="1891aa40-4d6e-4212-8551-6a097d43f164" testId="b57e08db-af27-e035-f405-a5594770d231" testName="Test_multi_clause_where_and_where_not" computerName="STEVEN-PC" duration="00:00:00.0006067" startTime="2012-03-27T22:34:50.0484409-04:00" endTime="2012-03-27T22:34:50.0640409-04:00" testType="13cdc9d9-ddb5-4fa4-a97d-d965ccfc6d4b" outcome="Passed" testListId="8c84fa94-04c1-424b-9868-57a2d4851a1d" relativeResultsDirectory="1891aa40-4d6e-4212-8551-6a097d43f164">
    </UnitTestResult>
    <UnitTestResult executionId="c4ae6411-984d-4150-8802-5b2f9a7a4a3b" testId="0d67a389-f27a-5927-df7c-deaa56a2ac23" testName="Test_orderby" computerName="STEVEN-PC" duration="00:00:00.0026836" startTime="2012-03-27T22:34:50.0796409-04:00" endTime="2012-03-27T22:34:50.0796409-04:00" testType="13cdc9d9-ddb5-4fa4-a97d-d965ccfc6d4b" outcome="Passed" testListId="8c84fa94-04c1-424b-9868-57a2d4851a1d" relativeResultsDirectory="c4ae6411-984d-4150-8802-5b2f9a7a4a3b">
    </UnitTestResult>
    <UnitTestResult executionId="94868ac5-9fdd-4697-9dcc-35e0ebcea7f5" testId="c951cc96-fab2-20b5-116b-f8b36cf91c10" testName="Test_multi_clause_orderby" computerName="STEVEN-PC" duration="00:00:00.0015682" startTime="2012-03-27T22:34:50.0952410-04:00" endTime="2012-03-27T22:34:50.0952410-04:00" testType="13cdc9d9-ddb5-4fa4-a97d-d965ccfc6d4b" outcome="Passed" testListId="8c84fa94-04c1-424b-9868-57a2d4851a1d" relativeResultsDirectory="94868ac5-9fdd-4697-9dcc-35e0ebcea7f5">
    </UnitTestResult>
    <UnitTestResult executionId="e38d14a2-129c-4903-9e1c-c4643a8185b6" testId="ec9a58f6-675c-e225-4fe5-716d9377a0a3" testName="Test_single" computerName="STEVEN-PC" duration="00:00:02.8727137" startTime="2012-03-27T22:34:50.0952410-04:00" endTime="2012-03-27T22:34:52.9887338-04:00" testType="13cdc9d9-ddb5-4fa4-a97d-d965ccfc6d4b" outcome="Passed" testListId="8c84fa94-04c1-424b-9868-57a2d4851a1d" relativeResultsDirectory="e38d14a2-129c-4903-9e1c-c4643a8185b6">
    </UnitTestResult>
    <UnitTestResult executionId="ef08411a-22eb-4166-83ea-8c07640f920c" testId="8bab2567-7cbc-0ab9-1b8e-7f96790444c6" testName="Test_enumerator" computerName="STEVEN-PC" duration="00:00:00.0919203" startTime="2012-03-27T22:34:52.9937341-04:00" endTime="2012-03-27T22:34:53.0937398-04:00" testType="13cdc9d9-ddb5-4fa4-a97d-d965ccfc6d4b" outcome="Passed" testListId="8c84fa94-04c1-424b-9868-57a2d4851a1d" relativeResultsDirectory="ef08411a-22eb-4166-83ea-8c07640f920c">
    </UnitTestResult>
    <UnitTestResult executionId="996a3580-3f6c-4b6f-9515-207dbc1e4f27" testId="60b0cf60-fe03-004c-4bfa-4785b16f1dce" testName="Test_where_and" computerName="STEVEN-PC" duration="00:00:00.0018196" startTime="2012-03-27T22:34:53.0987401-04:00" endTime="2012-03-27T22:34:53.1107408-04:00" testType="13cdc9d9-ddb5-4fa4-a97d-d965ccfc6d4b" outcome="Passed" testListId="8c84fa94-04c1-424b-9868-57a2d4851a1d" relativeResultsDirectory="996a3580-3f6c-4b6f-9515-207dbc1e4f27">
    </UnitTestResult>
    <UnitTestResult executionId="6ace041d-0f48-4f2e-b942-e31415495499" testId="4a258fa4-e5be-4f7a-e3e4-e1dc90744510" testName="Test_bool_where" computerName="STEVEN-PC" duration="00:00:00.0004203" startTime="2012-03-27T22:34:53.1157411-04:00" endTime="2012-03-27T22:34:53.1237415-04:00" testType="13cdc9d9-ddb5-4fa4-a97d-d965ccfc6d4b" outcome="Passed" testListId="8c84fa94-04c1-424b-9868-57a2d4851a1d" relativeResultsDirectory="6ace041d-0f48-4f2e-b942-e31415495499">
    </UnitTestResult>
    <UnitTestResult executionId="5f415b21-7a2b-4b0b-b5fd-1c0d3a0bf9f6" testId="6ba02aa5-1bfb-ebcb-b41c-615999aa8334" testName="Test_toList" computerName="STEVEN-PC" duration="00:00:00.0876749" startTime="2012-03-27T22:34:53.1277418-04:00" endTime="2012-03-27T22:34:53.2227472-04:00" testType="13cdc9d9-ddb5-4fa4-a97d-d965ccfc6d4b" outcome="Passed" testListId="8c84fa94-04c1-424b-9868-57a2d4851a1d" relativeResultsDirectory="5f415b21-7a2b-4b0b-b5fd-1c0d3a0bf9f6">
    </UnitTestResult>
    <UnitTestResult executionId="13de8fcf-2a25-4434-af6f-245fa89c7be7" testId="c9354350-cbda-a1f1-e280-b767455dde09" testName="Test_products_in_store_by_id" computerName="STEVEN-PC" duration="00:00:00.0008596" startTime="2012-03-27T22:34:53.2307476-04:00" endTime="2012-03-27T22:34:53.2407482-04:00" testType="13cdc9d9-ddb5-4fa4-a97d-d965ccfc6d4b" outcome="Passed" testListId="8c84fa94-04c1-424b-9868-57a2d4851a1d" relativeResultsDirectory="13de8fcf-2a25-4434-af6f-245fa89c7be7">
    </UnitTestResult>
    <UnitTestResult executionId="bc923f66-3369-444c-b0ab-85b31739a8c2" testId="e2f6ed2b-f024-54cb-80b7-ad507738c243" testName="Test_products_in_store_lazy_loaded" computerName="STEVEN-PC" duration="00:00:21.8154638" startTime="2012-03-27T22:34:53.2457485-04:00" endTime="2012-03-27T22:35:15.0612123-04:00" testType="13cdc9d9-ddb5-4fa4-a97d-d965ccfc6d4b" outcome="Aborted" testListId="8c84fa94-04c1-424b-9868-57a2d4851a1d" relativeResultsDirectory="bc923f66-3369-444c-b0ab-85b31739a8c2">
    </UnitTestResult>
    <UnitTestResult executionId="7b8ad833-7819-4de2-9197-846b79620737" testId="81800161-52ee-707e-8522-02ae1672866e" testName="Test_products_in_store_with_where" computerName="STEVEN-PC" testType="13cdc9d9-ddb5-4fa4-a97d-d965ccfc6d4b" outcome="NotExecuted" testListId="8c84fa94-04c1-424b-9868-57a2d4851a1d" relativeResultsDirectory="7b8ad833-7819-4de2-9197-846b79620737">
    </UnitTestResult>
    <UnitTestResult executionId="3b163bd5-7ee4-4563-9595-cf0043233bfa" testId="4789e52f-0940-a3c8-fe6a-e13b73623977" testName="Test_where_and_orderby" computerName="STEVEN-PC" testType="13cdc9d9-ddb5-4fa4-a97d-d965ccfc6d4b" outcome="NotExecuted" testListId="8c84fa94-04c1-424b-9868-57a2d4851a1d" relativeResultsDirectory="3b163bd5-7ee4-4563-9595-cf0043233bfa">
    </UnitTestResult>
    <UnitTestResult executionId="45468a10-55ec-4c35-b396-9400451ecb36" testId="71326b83-217a-3999-c98f-d98f8093dd74" testName="Test_take" computerName="STEVEN-PC" testType="13cdc9d9-ddb5-4fa4-a97d-d965ccfc6d4b" outcome="NotExecuted" testListId="8c84fa94-04c1-424b-9868-57a2d4851a1d" relativeResultsDirectory="45468a10-55ec-4c35-b396-9400451ecb36">
    </UnitTestResult>
    <UnitTestResult executionId="2143c99e-0f4c-49b4-bc24-c9be95857e31" testId="698a4013-3243-f2c9-ad1a-f5a3b3e0436d" testName="Test_skip" computerName="STEVEN-PC" testType="13cdc9d9-ddb5-4fa4-a97d-d965ccfc6d4b" outcome="NotExecuted" testListId="8c84fa94-04c1-424b-9868-57a2d4851a1d" relativeResultsDirectory="2143c99e-0f4c-49b4-bc24-c9be95857e31">
    </UnitTestResult>
    <UnitTestResult executionId="645dc161-04b5-4dd8-a1b6-2d701f561afe" testId="b3d263e1-3345-99ad-b04d-44df64ff509a" testName="Test_take_and_skip" computerName="STEVEN-PC" testType="13cdc9d9-ddb5-4fa4-a97d-d965ccfc6d4b" outcome="NotExecuted" testListId="8c84fa94-04c1-424b-9868-57a2d4851a1d" relativeResultsDirectory="645dc161-04b5-4dd8-a1b6-2d701f561afe">
    </UnitTestResult>
    <UnitTestResult executionId="fa11823f-70b2-417d-8a55-61da61c83b96" testId="b366df67-fbbf-42de-4bd5-7bf833b872da" testName="Test_stores_signle" computerName="STEVEN-PC" testType="13cdc9d9-ddb5-4fa4-a97d-d965ccfc6d4b" outcome="NotExecuted" testListId="8c84fa94-04c1-424b-9868-57a2d4851a1d" relativeResultsDirectory="fa11823f-70b2-417d-8a55-61da61c83b96">
    </UnitTestResult>
  </Results>
</TestRun>